   0  $accept : Program $end

   1  Program : ClassList

   2  ClassList : ClassList ClassDef
   3            | ClassDef

   4  VariableDef : Variable ';'

   5  Variable : Type IDENTIFIER

   6  Type : INT
   7       | VOID
   8       | BOOL
   9       | COMPLEX
  10       | STRING
  11       | CLASS IDENTIFIER
  12       | Type '[' ']'

  13  ClassDef : CLASS IDENTIFIER ExtendsClause '{' FieldList '}'

  14  ExtendsClause : EXTENDS IDENTIFIER
  15                |

  16  FieldList : FieldList VariableDef
  17            | FieldList FunctionDef
  18            |

  19  Formals : VariableList
  20          |

  21  VariableList : VariableList ',' Variable
  22               | Variable

  23  FunctionDef : STATIC Type IDENTIFIER '(' Formals ')' StmtBlock
  24              | Type IDENTIFIER '(' Formals ')' StmtBlock

  25  StmtBlock : '{' StmtList '}'

  26  StmtList : StmtList Stmt
  27           |

  28  Stmt : VariableDef
  29       | SimpleStmt ';'
  30       | IfStmt
  31       | WhileStmt
  32       | ForStmt
  33       | DoStmt ';'
  34       | PrintCompStmt ';'
  35       | ReturnStmt ';'
  36       | PrintStmt ';'
  37       | BreakStmt ';'
  38       | StmtBlock

  39  DoStmt : DO DoSubStmt DoBranchList OD

  40  DoBranchList : BRANCH DoSubStmt DoBranchList
  41               |

  42  DoSubStmt : Expr ':' Stmt

  43  SimpleStmt : LValue '=' Expr
  44             | Call
  45             |

  46  Receiver : Expr '.'
  47           |

  48  LValue : Receiver IDENTIFIER
  49         | Expr '[' Expr ']'

  50  Call : Receiver IDENTIFIER '(' Actuals ')'

  51  Expr : LValue
  52       | Call
  53       | Constant
  54       | Expr '+' Expr
  55       | Expr '-' Expr
  56       | Expr '*' Expr
  57       | Expr '/' Expr
  58       | Expr '%' Expr
  59       | Expr EQUAL Expr
  60       | Expr NOT_EQUAL Expr
  61       | Expr '<' Expr
  62       | Expr '>' Expr
  63       | Expr LESS_EQUAL Expr
  64       | Expr GREATER_EQUAL Expr
  65       | Expr AND Expr
  66       | Expr OR Expr
  67       | '(' Expr ')'
  68       | '-' Expr
  69       | '!' Expr
  70       | '@' Expr
  71       | '$' Expr
  72       | '#' Expr
  73       | READ_INTEGER '(' ')'
  74       | READ_LINE '(' ')'
  75       | THIS
  76       | SUPER
  77       | DCOPY '(' Expr ')'
  78       | SCOPY '(' Expr ')'
  79       | NEW IDENTIFIER '(' ')'
  80       | NEW Type '[' Expr ']'
  81       | INSTANCEOF '(' Expr ',' IDENTIFIER ')'
  82       | '(' CLASS IDENTIFIER ')' Expr
  83       | CASE '(' Expr ')' '{' ACaseExprList DefaultExpr '}'

  84  ACaseExprList : ACaseExprList ACaseExpr
  85                |

  86  ACaseExpr : Constant ':' Expr ';'

  87  DefaultExpr : DEFAULT ':' Expr ';'

  88  Constant : LITERAL
  89           | NULL

  90  Actuals : ExprList
  91          |

  92  ExprList : ExprList ',' Expr
  93           | Expr

  94  PrintCompStmt : PRINT_COMP '(' ExprList ')'

  95  WhileStmt : WHILE '(' Expr ')' Stmt

  96  ForStmt : FOR '(' SimpleStmt ';' Expr ';' SimpleStmt ')' Stmt

  97  BreakStmt : BREAK

  98  IfStmt : IF '(' Expr ')' Stmt ElseClause

  99  ElseClause : ELSE Stmt
 100             |

 101  ReturnStmt : RETURN Expr
 102             | RETURN

 103  PrintStmt : PRINT '(' ExprList ')'

state 0
	$accept : . Program $end  (0)

	CLASS  shift 1
	.  error

	Program  goto 2
	ClassList  goto 3
	ClassDef  goto 4


state 1
	ClassDef : CLASS . IDENTIFIER ExtendsClause '{' FieldList '}'  (13)

	IDENTIFIER  shift 5
	.  error


state 2
	$accept : Program . $end  (0)

	$end  accept


state 3
	Program : ClassList .  (1)
	ClassList : ClassList . ClassDef  (2)

	CLASS  shift 1
	$end  reduce 1

	ClassDef  goto 6


state 4
	ClassList : ClassDef .  (3)

	.  reduce 3


state 5
	ClassDef : CLASS IDENTIFIER . ExtendsClause '{' FieldList '}'  (13)
	ExtendsClause : .  (15)

	EXTENDS  shift 7
	'{'  reduce 15

	ExtendsClause  goto 8


state 6
	ClassList : ClassList ClassDef .  (2)

	.  reduce 2


state 7
	ExtendsClause : EXTENDS . IDENTIFIER  (14)

	IDENTIFIER  shift 9
	.  error


state 8
	ClassDef : CLASS IDENTIFIER ExtendsClause . '{' FieldList '}'  (13)

	'{'  shift 10
	.  error


state 9
	ExtendsClause : EXTENDS IDENTIFIER .  (14)

	.  reduce 14


state 10
	ClassDef : CLASS IDENTIFIER ExtendsClause '{' . FieldList '}'  (13)
	FieldList : .  (18)

	.  reduce 18

	FieldList  goto 11


state 11
	ClassDef : CLASS IDENTIFIER ExtendsClause '{' FieldList . '}'  (13)
	FieldList : FieldList . VariableDef  (16)
	FieldList : FieldList . FunctionDef  (17)

	VOID  shift 12
	BOOL  shift 13
	INT  shift 14
	STRING  shift 15
	CLASS  shift 16
	COMPLEX  shift 17
	STATIC  shift 18
	'}'  shift 19
	.  error

	VariableDef  goto 20
	Variable  goto 21
	Type  goto 22
	FunctionDef  goto 23


state 12
	Type : VOID .  (7)

	.  reduce 7


state 13
	Type : BOOL .  (8)

	.  reduce 8


state 14
	Type : INT .  (6)

	.  reduce 6


state 15
	Type : STRING .  (10)

	.  reduce 10


state 16
	Type : CLASS . IDENTIFIER  (11)

	IDENTIFIER  shift 24
	.  error


state 17
	Type : COMPLEX .  (9)

	.  reduce 9


state 18
	FunctionDef : STATIC . Type IDENTIFIER '(' Formals ')' StmtBlock  (23)

	VOID  shift 12
	BOOL  shift 13
	INT  shift 14
	STRING  shift 15
	CLASS  shift 16
	COMPLEX  shift 17
	.  error

	Type  goto 25


state 19
	ClassDef : CLASS IDENTIFIER ExtendsClause '{' FieldList '}' .  (13)

	.  reduce 13


state 20
	FieldList : FieldList VariableDef .  (16)

	.  reduce 16


state 21
	VariableDef : Variable . ';'  (4)

	';'  shift 26
	.  error


state 22
	Variable : Type . IDENTIFIER  (5)
	Type : Type . '[' ']'  (12)
	FunctionDef : Type . IDENTIFIER '(' Formals ')' StmtBlock  (24)

	IDENTIFIER  shift 27
	'['  shift 28
	.  error


state 23
	FieldList : FieldList FunctionDef .  (17)

	.  reduce 17


state 24
	Type : CLASS IDENTIFIER .  (11)

	.  reduce 11


state 25
	Type : Type . '[' ']'  (12)
	FunctionDef : STATIC Type . IDENTIFIER '(' Formals ')' StmtBlock  (23)

	IDENTIFIER  shift 29
	'['  shift 28
	.  error


state 26
	VariableDef : Variable ';' .  (4)

	.  reduce 4


state 27
	Variable : Type IDENTIFIER .  (5)
	FunctionDef : Type IDENTIFIER . '(' Formals ')' StmtBlock  (24)

	'('  shift 30
	';'  reduce 5


state 28
	Type : Type '[' . ']'  (12)

	']'  shift 31
	.  error


state 29
	FunctionDef : STATIC Type IDENTIFIER . '(' Formals ')' StmtBlock  (23)

	'('  shift 32
	.  error


state 30
	FunctionDef : Type IDENTIFIER '(' . Formals ')' StmtBlock  (24)
	Formals : .  (20)

	VOID  shift 12
	BOOL  shift 13
	INT  shift 14
	STRING  shift 15
	CLASS  shift 16
	COMPLEX  shift 17
	')'  reduce 20

	Variable  goto 33
	Type  goto 34
	Formals  goto 35
	VariableList  goto 36


state 31
	Type : Type '[' ']' .  (12)

	.  reduce 12


state 32
	FunctionDef : STATIC Type IDENTIFIER '(' . Formals ')' StmtBlock  (23)
	Formals : .  (20)

	VOID  shift 12
	BOOL  shift 13
	INT  shift 14
	STRING  shift 15
	CLASS  shift 16
	COMPLEX  shift 17
	')'  reduce 20

	Variable  goto 33
	Type  goto 34
	Formals  goto 37
	VariableList  goto 36


state 33
	VariableList : Variable .  (22)

	.  reduce 22


state 34
	Variable : Type . IDENTIFIER  (5)
	Type : Type . '[' ']'  (12)

	IDENTIFIER  shift 38
	'['  shift 28
	.  error


state 35
	FunctionDef : Type IDENTIFIER '(' Formals . ')' StmtBlock  (24)

	')'  shift 39
	.  error


state 36
	Formals : VariableList .  (19)
	VariableList : VariableList . ',' Variable  (21)

	','  shift 40
	')'  reduce 19


state 37
	FunctionDef : STATIC Type IDENTIFIER '(' Formals . ')' StmtBlock  (23)

	')'  shift 41
	.  error


state 38
	Variable : Type IDENTIFIER .  (5)

	.  reduce 5


state 39
	FunctionDef : Type IDENTIFIER '(' Formals ')' . StmtBlock  (24)

	'{'  shift 42
	.  error

	StmtBlock  goto 43


state 40
	VariableList : VariableList ',' . Variable  (21)

	VOID  shift 12
	BOOL  shift 13
	INT  shift 14
	STRING  shift 15
	CLASS  shift 16
	COMPLEX  shift 17
	.  error

	Variable  goto 44
	Type  goto 34


state 41
	FunctionDef : STATIC Type IDENTIFIER '(' Formals ')' . StmtBlock  (23)

	'{'  shift 42
	.  error

	StmtBlock  goto 45


state 42
	StmtBlock : '{' . StmtList '}'  (25)
	StmtList : .  (27)

	.  reduce 27

	StmtList  goto 46


state 43
	FunctionDef : Type IDENTIFIER '(' Formals ')' StmtBlock .  (24)

	.  reduce 24


state 44
	VariableList : VariableList ',' Variable .  (21)

	.  reduce 21


state 45
	FunctionDef : STATIC Type IDENTIFIER '(' Formals ')' StmtBlock .  (23)

	.  reduce 23


state 46
	StmtBlock : '{' StmtList . '}'  (25)
	StmtList : StmtList . Stmt  (26)
	SimpleStmt : .  (45)
	Receiver : .  (47)

	VOID  shift 12
	BOOL  shift 13
	INT  shift 14
	STRING  shift 15
	CLASS  shift 16
	COMPLEX  shift 17
	NULL  shift 47
	THIS  shift 48
	WHILE  shift 49
	FOR  shift 50
	SUPER  shift 51
	IF  shift 52
	RETURN  shift 53
	BREAK  shift 54
	NEW  shift 55
	PRINT  shift 56
	READ_INTEGER  shift 57
	READ_LINE  shift 58
	PRINT_COMP  shift 59
	LITERAL  shift 60
	CASE  shift 61
	SCOPY  shift 62
	DCOPY  shift 63
	DO  shift 64
	INSTANCEOF  shift 65
	'-'  shift 66
	'!'  shift 67
	'('  shift 68
	'{'  shift 42
	'}'  shift 69
	'@'  shift 70
	'$'  shift 71
	'#'  shift 72
	IDENTIFIER  reduce 47
	';'  reduce 45

	VariableDef  goto 73
	Variable  goto 21
	Type  goto 34
	StmtBlock  goto 74
	Stmt  goto 75
	SimpleStmt  goto 76
	IfStmt  goto 77
	WhileStmt  goto 78
	ForStmt  goto 79
	DoStmt  goto 80
	PrintCompStmt  goto 81
	ReturnStmt  goto 82
	PrintStmt  goto 83
	BreakStmt  goto 84
	Expr  goto 85
	LValue  goto 86
	Call  goto 87
	Receiver  goto 88
	Constant  goto 89


state 47
	Constant : NULL .  (89)

	.  reduce 89


state 48
	Expr : THIS .  (75)

	.  reduce 75


state 49
	WhileStmt : WHILE . '(' Expr ')' Stmt  (95)

	'('  shift 90
	.  error


state 50
	ForStmt : FOR . '(' SimpleStmt ';' Expr ';' SimpleStmt ')' Stmt  (96)

	'('  shift 91
	.  error


state 51
	Expr : SUPER .  (76)

	.  reduce 76


state 52
	IfStmt : IF . '(' Expr ')' Stmt ElseClause  (98)

	'('  shift 92
	.  error


state 53
	ReturnStmt : RETURN . Expr  (101)
	ReturnStmt : RETURN .  (102)
	Receiver : .  (47)

	NULL  shift 47
	THIS  shift 48
	SUPER  shift 51
	NEW  shift 55
	READ_INTEGER  shift 57
	READ_LINE  shift 58
	LITERAL  shift 60
	CASE  shift 61
	SCOPY  shift 62
	DCOPY  shift 63
	INSTANCEOF  shift 65
	'-'  shift 66
	'!'  shift 67
	'('  shift 68
	'@'  shift 70
	'$'  shift 71
	'#'  shift 72
	IDENTIFIER  reduce 47
	';'  reduce 102

	Expr  goto 93
	LValue  goto 94
	Call  goto 95
	Receiver  goto 88
	Constant  goto 89


state 54
	BreakStmt : BREAK .  (97)

	.  reduce 97


state 55
	Expr : NEW . IDENTIFIER '(' ')'  (79)
	Expr : NEW . Type '[' Expr ']'  (80)

	VOID  shift 12
	BOOL  shift 13
	INT  shift 14
	STRING  shift 15
	CLASS  shift 16
	COMPLEX  shift 17
	IDENTIFIER  shift 96
	.  error

	Type  goto 97


state 56
	PrintStmt : PRINT . '(' ExprList ')'  (103)

	'('  shift 98
	.  error


state 57
	Expr : READ_INTEGER . '(' ')'  (73)

	'('  shift 99
	.  error


state 58
	Expr : READ_LINE . '(' ')'  (74)

	'('  shift 100
	.  error


state 59
	PrintCompStmt : PRINT_COMP . '(' ExprList ')'  (94)

	'('  shift 101
	.  error


state 60
	Constant : LITERAL .  (88)

	.  reduce 88


state 61
	Expr : CASE . '(' Expr ')' '{' ACaseExprList DefaultExpr '}'  (83)

	'('  shift 102
	.  error


state 62
	Expr : SCOPY . '(' Expr ')'  (78)

	'('  shift 103
	.  error


state 63
	Expr : DCOPY . '(' Expr ')'  (77)

	'('  shift 104
	.  error


state 64
	DoStmt : DO . DoSubStmt DoBranchList OD  (39)
	Receiver : .  (47)

	NULL  shift 47
	THIS  shift 48
	SUPER  shift 51
	NEW  shift 55
	READ_INTEGER  shift 57
	READ_LINE  shift 58
	LITERAL  shift 60
	CASE  shift 61
	SCOPY  shift 62
	DCOPY  shift 63
	INSTANCEOF  shift 65
	'-'  shift 66
	'!'  shift 67
	'('  shift 68
	'@'  shift 70
	'$'  shift 71
	'#'  shift 72
	IDENTIFIER  reduce 47

	DoSubStmt  goto 105
	Expr  goto 106
	LValue  goto 94
	Call  goto 95
	Receiver  goto 88
	Constant  goto 89


state 65
	Expr : INSTANCEOF . '(' Expr ',' IDENTIFIER ')'  (81)

	'('  shift 107
	.  error


state 66
	Expr : '-' . Expr  (68)
	Receiver : .  (47)

	NULL  shift 47
	THIS  shift 48
	SUPER  shift 51
	NEW  shift 55
	READ_INTEGER  shift 57
	READ_LINE  shift 58
	LITERAL  shift 60
	CASE  shift 61
	SCOPY  shift 62
	DCOPY  shift 63
	INSTANCEOF  shift 65
	'-'  shift 66
	'!'  shift 67
	'('  shift 68
	'@'  shift 70
	'$'  shift 71
	'#'  shift 72
	IDENTIFIER  reduce 47

	Expr  goto 108
	LValue  goto 94
	Call  goto 95
	Receiver  goto 88
	Constant  goto 89


state 67
	Expr : '!' . Expr  (69)
	Receiver : .  (47)

	NULL  shift 47
	THIS  shift 48
	SUPER  shift 51
	NEW  shift 55
	READ_INTEGER  shift 57
	READ_LINE  shift 58
	LITERAL  shift 60
	CASE  shift 61
	SCOPY  shift 62
	DCOPY  shift 63
	INSTANCEOF  shift 65
	'-'  shift 66
	'!'  shift 67
	'('  shift 68
	'@'  shift 70
	'$'  shift 71
	'#'  shift 72
	IDENTIFIER  reduce 47

	Expr  goto 109
	LValue  goto 94
	Call  goto 95
	Receiver  goto 88
	Constant  goto 89


state 68
	Expr : '(' . Expr ')'  (67)
	Expr : '(' . CLASS IDENTIFIER ')' Expr  (82)
	Receiver : .  (47)

	CLASS  shift 110
	NULL  shift 47
	THIS  shift 48
	SUPER  shift 51
	NEW  shift 55
	READ_INTEGER  shift 57
	READ_LINE  shift 58
	LITERAL  shift 60
	CASE  shift 61
	SCOPY  shift 62
	DCOPY  shift 63
	INSTANCEOF  shift 65
	'-'  shift 66
	'!'  shift 67
	'('  shift 68
	'@'  shift 70
	'$'  shift 71
	'#'  shift 72
	IDENTIFIER  reduce 47

	Expr  goto 111
	LValue  goto 94
	Call  goto 95
	Receiver  goto 88
	Constant  goto 89


state 69
	StmtBlock : '{' StmtList '}' .  (25)

	.  reduce 25


state 70
	Expr : '@' . Expr  (70)
	Receiver : .  (47)

	NULL  shift 47
	THIS  shift 48
	SUPER  shift 51
	NEW  shift 55
	READ_INTEGER  shift 57
	READ_LINE  shift 58
	LITERAL  shift 60
	CASE  shift 61
	SCOPY  shift 62
	DCOPY  shift 63
	INSTANCEOF  shift 65
	'-'  shift 66
	'!'  shift 67
	'('  shift 68
	'@'  shift 70
	'$'  shift 71
	'#'  shift 72
	IDENTIFIER  reduce 47

	Expr  goto 112
	LValue  goto 94
	Call  goto 95
	Receiver  goto 88
	Constant  goto 89


state 71
	Expr : '$' . Expr  (71)
	Receiver : .  (47)

	NULL  shift 47
	THIS  shift 48
	SUPER  shift 51
	NEW  shift 55
	READ_INTEGER  shift 57
	READ_LINE  shift 58
	LITERAL  shift 60
	CASE  shift 61
	SCOPY  shift 62
	DCOPY  shift 63
	INSTANCEOF  shift 65
	'-'  shift 66
	'!'  shift 67
	'('  shift 68
	'@'  shift 70
	'$'  shift 71
	'#'  shift 72
	IDENTIFIER  reduce 47

	Expr  goto 113
	LValue  goto 94
	Call  goto 95
	Receiver  goto 88
	Constant  goto 89


state 72
	Expr : '#' . Expr  (72)
	Receiver : .  (47)

	NULL  shift 47
	THIS  shift 48
	SUPER  shift 51
	NEW  shift 55
	READ_INTEGER  shift 57
	READ_LINE  shift 58
	LITERAL  shift 60
	CASE  shift 61
	SCOPY  shift 62
	DCOPY  shift 63
	INSTANCEOF  shift 65
	'-'  shift 66
	'!'  shift 67
	'('  shift 68
	'@'  shift 70
	'$'  shift 71
	'#'  shift 72
	IDENTIFIER  reduce 47

	Expr  goto 114
	LValue  goto 94
	Call  goto 95
	Receiver  goto 88
	Constant  goto 89


state 73
	Stmt : VariableDef .  (28)

	.  reduce 28


state 74
	Stmt : StmtBlock .  (38)

	.  reduce 38


state 75
	StmtList : StmtList Stmt .  (26)

	.  reduce 26


state 76
	Stmt : SimpleStmt . ';'  (29)

	';'  shift 115
	.  error


state 77
	Stmt : IfStmt .  (30)

	.  reduce 30


state 78
	Stmt : WhileStmt .  (31)

	.  reduce 31


state 79
	Stmt : ForStmt .  (32)

	.  reduce 32


state 80
	Stmt : DoStmt . ';'  (33)

	';'  shift 116
	.  error


state 81
	Stmt : PrintCompStmt . ';'  (34)

	';'  shift 117
	.  error


state 82
	Stmt : ReturnStmt . ';'  (35)

	';'  shift 118
	.  error


state 83
	Stmt : PrintStmt . ';'  (36)

	';'  shift 119
	.  error


state 84
	Stmt : BreakStmt . ';'  (37)

	';'  shift 120
	.  error


state 85
	Receiver : Expr . '.'  (46)
	LValue : Expr . '[' Expr ']'  (49)
	Expr : Expr . '+' Expr  (54)
	Expr : Expr . '-' Expr  (55)
	Expr : Expr . '*' Expr  (56)
	Expr : Expr . '/' Expr  (57)
	Expr : Expr . '%' Expr  (58)
	Expr : Expr . EQUAL Expr  (59)
	Expr : Expr . NOT_EQUAL Expr  (60)
	Expr : Expr . '<' Expr  (61)
	Expr : Expr . '>' Expr  (62)
	Expr : Expr . LESS_EQUAL Expr  (63)
	Expr : Expr . GREATER_EQUAL Expr  (64)
	Expr : Expr . AND Expr  (65)
	Expr : Expr . OR Expr  (66)

	AND  shift 121
	OR  shift 122
	LESS_EQUAL  shift 123
	GREATER_EQUAL  shift 124
	EQUAL  shift 125
	NOT_EQUAL  shift 126
	'+'  shift 127
	'-'  shift 128
	'*'  shift 129
	'/'  shift 130
	'%'  shift 131
	'>'  shift 132
	'<'  shift 133
	'.'  shift 134
	'['  shift 135
	.  error


state 86
	SimpleStmt : LValue . '=' Expr  (43)
	Expr : LValue .  (51)

	'='  shift 136
	AND  reduce 51
	OR  reduce 51
	LESS_EQUAL  reduce 51
	GREATER_EQUAL  reduce 51
	EQUAL  reduce 51
	NOT_EQUAL  reduce 51
	'+'  reduce 51
	'-'  reduce 51
	'*'  reduce 51
	'/'  reduce 51
	'%'  reduce 51
	'>'  reduce 51
	'<'  reduce 51
	'.'  reduce 51
	'['  reduce 51


state 87
	SimpleStmt : Call .  (44)
	Expr : Call .  (52)

	AND  reduce 52
	OR  reduce 52
	LESS_EQUAL  reduce 52
	GREATER_EQUAL  reduce 52
	EQUAL  reduce 52
	NOT_EQUAL  reduce 52
	'+'  reduce 52
	'-'  reduce 52
	'*'  reduce 52
	'/'  reduce 52
	'%'  reduce 52
	'>'  reduce 52
	'<'  reduce 52
	'.'  reduce 52
	';'  reduce 44
	')'  reduce 44
	'['  reduce 52


state 88
	LValue : Receiver . IDENTIFIER  (48)
	Call : Receiver . IDENTIFIER '(' Actuals ')'  (50)

	IDENTIFIER  shift 137
	.  error


state 89
	Expr : Constant .  (53)

	.  reduce 53


state 90
	WhileStmt : WHILE '(' . Expr ')' Stmt  (95)
	Receiver : .  (47)

	NULL  shift 47
	THIS  shift 48
	SUPER  shift 51
	NEW  shift 55
	READ_INTEGER  shift 57
	READ_LINE  shift 58
	LITERAL  shift 60
	CASE  shift 61
	SCOPY  shift 62
	DCOPY  shift 63
	INSTANCEOF  shift 65
	'-'  shift 66
	'!'  shift 67
	'('  shift 68
	'@'  shift 70
	'$'  shift 71
	'#'  shift 72
	IDENTIFIER  reduce 47

	Expr  goto 138
	LValue  goto 94
	Call  goto 95
	Receiver  goto 88
	Constant  goto 89


state 91
	ForStmt : FOR '(' . SimpleStmt ';' Expr ';' SimpleStmt ')' Stmt  (96)
	SimpleStmt : .  (45)
	Receiver : .  (47)

	NULL  shift 47
	THIS  shift 48
	SUPER  shift 51
	NEW  shift 55
	READ_INTEGER  shift 57
	READ_LINE  shift 58
	LITERAL  shift 60
	CASE  shift 61
	SCOPY  shift 62
	DCOPY  shift 63
	INSTANCEOF  shift 65
	'-'  shift 66
	'!'  shift 67
	'('  shift 68
	'@'  shift 70
	'$'  shift 71
	'#'  shift 72
	IDENTIFIER  reduce 47
	';'  reduce 45

	SimpleStmt  goto 139
	Expr  goto 85
	LValue  goto 86
	Call  goto 87
	Receiver  goto 88
	Constant  goto 89


state 92
	IfStmt : IF '(' . Expr ')' Stmt ElseClause  (98)
	Receiver : .  (47)

	NULL  shift 47
	THIS  shift 48
	SUPER  shift 51
	NEW  shift 55
	READ_INTEGER  shift 57
	READ_LINE  shift 58
	LITERAL  shift 60
	CASE  shift 61
	SCOPY  shift 62
	DCOPY  shift 63
	INSTANCEOF  shift 65
	'-'  shift 66
	'!'  shift 67
	'('  shift 68
	'@'  shift 70
	'$'  shift 71
	'#'  shift 72
	IDENTIFIER  reduce 47

	Expr  goto 140
	LValue  goto 94
	Call  goto 95
	Receiver  goto 88
	Constant  goto 89


state 93
	Receiver : Expr . '.'  (46)
	LValue : Expr . '[' Expr ']'  (49)
	Expr : Expr . '+' Expr  (54)
	Expr : Expr . '-' Expr  (55)
	Expr : Expr . '*' Expr  (56)
	Expr : Expr . '/' Expr  (57)
	Expr : Expr . '%' Expr  (58)
	Expr : Expr . EQUAL Expr  (59)
	Expr : Expr . NOT_EQUAL Expr  (60)
	Expr : Expr . '<' Expr  (61)
	Expr : Expr . '>' Expr  (62)
	Expr : Expr . LESS_EQUAL Expr  (63)
	Expr : Expr . GREATER_EQUAL Expr  (64)
	Expr : Expr . AND Expr  (65)
	Expr : Expr . OR Expr  (66)
	ReturnStmt : RETURN Expr .  (101)

	AND  shift 121
	OR  shift 122
	LESS_EQUAL  shift 123
	GREATER_EQUAL  shift 124
	EQUAL  shift 125
	NOT_EQUAL  shift 126
	'+'  shift 127
	'-'  shift 128
	'*'  shift 129
	'/'  shift 130
	'%'  shift 131
	'>'  shift 132
	'<'  shift 133
	'.'  shift 134
	'['  shift 135
	';'  reduce 101


state 94
	Expr : LValue .  (51)

	.  reduce 51


state 95
	Expr : Call .  (52)

	.  reduce 52


state 96
	Expr : NEW IDENTIFIER . '(' ')'  (79)

	'('  shift 141
	.  error


state 97
	Type : Type . '[' ']'  (12)
	Expr : NEW Type . '[' Expr ']'  (80)

	'['  shift 142
	.  error


state 98
	PrintStmt : PRINT '(' . ExprList ')'  (103)
	Receiver : .  (47)

	NULL  shift 47
	THIS  shift 48
	SUPER  shift 51
	NEW  shift 55
	READ_INTEGER  shift 57
	READ_LINE  shift 58
	LITERAL  shift 60
	CASE  shift 61
	SCOPY  shift 62
	DCOPY  shift 63
	INSTANCEOF  shift 65
	'-'  shift 66
	'!'  shift 67
	'('  shift 68
	'@'  shift 70
	'$'  shift 71
	'#'  shift 72
	IDENTIFIER  reduce 47

	Expr  goto 143
	LValue  goto 94
	Call  goto 95
	Receiver  goto 88
	Constant  goto 89
	ExprList  goto 144


state 99
	Expr : READ_INTEGER '(' . ')'  (73)

	')'  shift 145
	.  error


state 100
	Expr : READ_LINE '(' . ')'  (74)

	')'  shift 146
	.  error


state 101
	PrintCompStmt : PRINT_COMP '(' . ExprList ')'  (94)
	Receiver : .  (47)

	NULL  shift 47
	THIS  shift 48
	SUPER  shift 51
	NEW  shift 55
	READ_INTEGER  shift 57
	READ_LINE  shift 58
	LITERAL  shift 60
	CASE  shift 61
	SCOPY  shift 62
	DCOPY  shift 63
	INSTANCEOF  shift 65
	'-'  shift 66
	'!'  shift 67
	'('  shift 68
	'@'  shift 70
	'$'  shift 71
	'#'  shift 72
	IDENTIFIER  reduce 47

	Expr  goto 143
	LValue  goto 94
	Call  goto 95
	Receiver  goto 88
	Constant  goto 89
	ExprList  goto 147


state 102
	Expr : CASE '(' . Expr ')' '{' ACaseExprList DefaultExpr '}'  (83)
	Receiver : .  (47)

	NULL  shift 47
	THIS  shift 48
	SUPER  shift 51
	NEW  shift 55
	READ_INTEGER  shift 57
	READ_LINE  shift 58
	LITERAL  shift 60
	CASE  shift 61
	SCOPY  shift 62
	DCOPY  shift 63
	INSTANCEOF  shift 65
	'-'  shift 66
	'!'  shift 67
	'('  shift 68
	'@'  shift 70
	'$'  shift 71
	'#'  shift 72
	IDENTIFIER  reduce 47

	Expr  goto 148
	LValue  goto 94
	Call  goto 95
	Receiver  goto 88
	Constant  goto 89


state 103
	Expr : SCOPY '(' . Expr ')'  (78)
	Receiver : .  (47)

	NULL  shift 47
	THIS  shift 48
	SUPER  shift 51
	NEW  shift 55
	READ_INTEGER  shift 57
	READ_LINE  shift 58
	LITERAL  shift 60
	CASE  shift 61
	SCOPY  shift 62
	DCOPY  shift 63
	INSTANCEOF  shift 65
	'-'  shift 66
	'!'  shift 67
	'('  shift 68
	'@'  shift 70
	'$'  shift 71
	'#'  shift 72
	IDENTIFIER  reduce 47

	Expr  goto 149
	LValue  goto 94
	Call  goto 95
	Receiver  goto 88
	Constant  goto 89


state 104
	Expr : DCOPY '(' . Expr ')'  (77)
	Receiver : .  (47)

	NULL  shift 47
	THIS  shift 48
	SUPER  shift 51
	NEW  shift 55
	READ_INTEGER  shift 57
	READ_LINE  shift 58
	LITERAL  shift 60
	CASE  shift 61
	SCOPY  shift 62
	DCOPY  shift 63
	INSTANCEOF  shift 65
	'-'  shift 66
	'!'  shift 67
	'('  shift 68
	'@'  shift 70
	'$'  shift 71
	'#'  shift 72
	IDENTIFIER  reduce 47

	Expr  goto 150
	LValue  goto 94
	Call  goto 95
	Receiver  goto 88
	Constant  goto 89


state 105
	DoStmt : DO DoSubStmt . DoBranchList OD  (39)
	DoBranchList : .  (41)

	BRANCH  shift 151
	OD  reduce 41

	DoBranchList  goto 152


state 106
	DoSubStmt : Expr . ':' Stmt  (42)
	Receiver : Expr . '.'  (46)
	LValue : Expr . '[' Expr ']'  (49)
	Expr : Expr . '+' Expr  (54)
	Expr : Expr . '-' Expr  (55)
	Expr : Expr . '*' Expr  (56)
	Expr : Expr . '/' Expr  (57)
	Expr : Expr . '%' Expr  (58)
	Expr : Expr . EQUAL Expr  (59)
	Expr : Expr . NOT_EQUAL Expr  (60)
	Expr : Expr . '<' Expr  (61)
	Expr : Expr . '>' Expr  (62)
	Expr : Expr . LESS_EQUAL Expr  (63)
	Expr : Expr . GREATER_EQUAL Expr  (64)
	Expr : Expr . AND Expr  (65)
	Expr : Expr . OR Expr  (66)

	AND  shift 121
	OR  shift 122
	LESS_EQUAL  shift 123
	GREATER_EQUAL  shift 124
	EQUAL  shift 125
	NOT_EQUAL  shift 126
	'+'  shift 127
	'-'  shift 128
	'*'  shift 129
	'/'  shift 130
	'%'  shift 131
	'>'  shift 132
	'<'  shift 133
	'.'  shift 134
	'['  shift 135
	':'  shift 153
	.  error


state 107
	Expr : INSTANCEOF '(' . Expr ',' IDENTIFIER ')'  (81)
	Receiver : .  (47)

	NULL  shift 47
	THIS  shift 48
	SUPER  shift 51
	NEW  shift 55
	READ_INTEGER  shift 57
	READ_LINE  shift 58
	LITERAL  shift 60
	CASE  shift 61
	SCOPY  shift 62
	DCOPY  shift 63
	INSTANCEOF  shift 65
	'-'  shift 66
	'!'  shift 67
	'('  shift 68
	'@'  shift 70
	'$'  shift 71
	'#'  shift 72
	IDENTIFIER  reduce 47

	Expr  goto 154
	LValue  goto 94
	Call  goto 95
	Receiver  goto 88
	Constant  goto 89


state 108
	Receiver : Expr . '.'  (46)
	LValue : Expr . '[' Expr ']'  (49)
	Expr : Expr . '+' Expr  (54)
	Expr : Expr . '-' Expr  (55)
	Expr : Expr . '*' Expr  (56)
	Expr : Expr . '/' Expr  (57)
	Expr : Expr . '%' Expr  (58)
	Expr : Expr . EQUAL Expr  (59)
	Expr : Expr . NOT_EQUAL Expr  (60)
	Expr : Expr . '<' Expr  (61)
	Expr : Expr . '>' Expr  (62)
	Expr : Expr . LESS_EQUAL Expr  (63)
	Expr : Expr . GREATER_EQUAL Expr  (64)
	Expr : Expr . AND Expr  (65)
	Expr : Expr . OR Expr  (66)
	Expr : '-' Expr .  (68)

	'.'  shift 134
	'['  shift 135
	AND  reduce 68
	OR  reduce 68
	LESS_EQUAL  reduce 68
	GREATER_EQUAL  reduce 68
	EQUAL  reduce 68
	NOT_EQUAL  reduce 68
	'+'  reduce 68
	'-'  reduce 68
	'*'  reduce 68
	'/'  reduce 68
	'%'  reduce 68
	'>'  reduce 68
	'<'  reduce 68
	','  reduce 68
	';'  reduce 68
	')'  reduce 68
	']'  reduce 68
	':'  reduce 68


state 109
	Receiver : Expr . '.'  (46)
	LValue : Expr . '[' Expr ']'  (49)
	Expr : Expr . '+' Expr  (54)
	Expr : Expr . '-' Expr  (55)
	Expr : Expr . '*' Expr  (56)
	Expr : Expr . '/' Expr  (57)
	Expr : Expr . '%' Expr  (58)
	Expr : Expr . EQUAL Expr  (59)
	Expr : Expr . NOT_EQUAL Expr  (60)
	Expr : Expr . '<' Expr  (61)
	Expr : Expr . '>' Expr  (62)
	Expr : Expr . LESS_EQUAL Expr  (63)
	Expr : Expr . GREATER_EQUAL Expr  (64)
	Expr : Expr . AND Expr  (65)
	Expr : Expr . OR Expr  (66)
	Expr : '!' Expr .  (69)

	'.'  shift 134
	'['  shift 135
	AND  reduce 69
	OR  reduce 69
	LESS_EQUAL  reduce 69
	GREATER_EQUAL  reduce 69
	EQUAL  reduce 69
	NOT_EQUAL  reduce 69
	'+'  reduce 69
	'-'  reduce 69
	'*'  reduce 69
	'/'  reduce 69
	'%'  reduce 69
	'>'  reduce 69
	'<'  reduce 69
	','  reduce 69
	';'  reduce 69
	')'  reduce 69
	']'  reduce 69
	':'  reduce 69


state 110
	Expr : '(' CLASS . IDENTIFIER ')' Expr  (82)

	IDENTIFIER  shift 155
	.  error


state 111
	Receiver : Expr . '.'  (46)
	LValue : Expr . '[' Expr ']'  (49)
	Expr : Expr . '+' Expr  (54)
	Expr : Expr . '-' Expr  (55)
	Expr : Expr . '*' Expr  (56)
	Expr : Expr . '/' Expr  (57)
	Expr : Expr . '%' Expr  (58)
	Expr : Expr . EQUAL Expr  (59)
	Expr : Expr . NOT_EQUAL Expr  (60)
	Expr : Expr . '<' Expr  (61)
	Expr : Expr . '>' Expr  (62)
	Expr : Expr . LESS_EQUAL Expr  (63)
	Expr : Expr . GREATER_EQUAL Expr  (64)
	Expr : Expr . AND Expr  (65)
	Expr : Expr . OR Expr  (66)
	Expr : '(' Expr . ')'  (67)

	AND  shift 121
	OR  shift 122
	LESS_EQUAL  shift 123
	GREATER_EQUAL  shift 124
	EQUAL  shift 125
	NOT_EQUAL  shift 126
	'+'  shift 127
	'-'  shift 128
	'*'  shift 129
	'/'  shift 130
	'%'  shift 131
	'>'  shift 132
	'<'  shift 133
	'.'  shift 134
	')'  shift 156
	'['  shift 135
	.  error


state 112
	Receiver : Expr . '.'  (46)
	LValue : Expr . '[' Expr ']'  (49)
	Expr : Expr . '+' Expr  (54)
	Expr : Expr . '-' Expr  (55)
	Expr : Expr . '*' Expr  (56)
	Expr : Expr . '/' Expr  (57)
	Expr : Expr . '%' Expr  (58)
	Expr : Expr . EQUAL Expr  (59)
	Expr : Expr . NOT_EQUAL Expr  (60)
	Expr : Expr . '<' Expr  (61)
	Expr : Expr . '>' Expr  (62)
	Expr : Expr . LESS_EQUAL Expr  (63)
	Expr : Expr . GREATER_EQUAL Expr  (64)
	Expr : Expr . AND Expr  (65)
	Expr : Expr . OR Expr  (66)
	Expr : '@' Expr .  (70)

	'.'  shift 134
	'['  shift 135
	AND  reduce 70
	OR  reduce 70
	LESS_EQUAL  reduce 70
	GREATER_EQUAL  reduce 70
	EQUAL  reduce 70
	NOT_EQUAL  reduce 70
	'+'  reduce 70
	'-'  reduce 70
	'*'  reduce 70
	'/'  reduce 70
	'%'  reduce 70
	'>'  reduce 70
	'<'  reduce 70
	','  reduce 70
	';'  reduce 70
	')'  reduce 70
	']'  reduce 70
	':'  reduce 70


state 113
	Receiver : Expr . '.'  (46)
	LValue : Expr . '[' Expr ']'  (49)
	Expr : Expr . '+' Expr  (54)
	Expr : Expr . '-' Expr  (55)
	Expr : Expr . '*' Expr  (56)
	Expr : Expr . '/' Expr  (57)
	Expr : Expr . '%' Expr  (58)
	Expr : Expr . EQUAL Expr  (59)
	Expr : Expr . NOT_EQUAL Expr  (60)
	Expr : Expr . '<' Expr  (61)
	Expr : Expr . '>' Expr  (62)
	Expr : Expr . LESS_EQUAL Expr  (63)
	Expr : Expr . GREATER_EQUAL Expr  (64)
	Expr : Expr . AND Expr  (65)
	Expr : Expr . OR Expr  (66)
	Expr : '$' Expr .  (71)

	'.'  shift 134
	'['  shift 135
	AND  reduce 71
	OR  reduce 71
	LESS_EQUAL  reduce 71
	GREATER_EQUAL  reduce 71
	EQUAL  reduce 71
	NOT_EQUAL  reduce 71
	'+'  reduce 71
	'-'  reduce 71
	'*'  reduce 71
	'/'  reduce 71
	'%'  reduce 71
	'>'  reduce 71
	'<'  reduce 71
	','  reduce 71
	';'  reduce 71
	')'  reduce 71
	']'  reduce 71
	':'  reduce 71


state 114
	Receiver : Expr . '.'  (46)
	LValue : Expr . '[' Expr ']'  (49)
	Expr : Expr . '+' Expr  (54)
	Expr : Expr . '-' Expr  (55)
	Expr : Expr . '*' Expr  (56)
	Expr : Expr . '/' Expr  (57)
	Expr : Expr . '%' Expr  (58)
	Expr : Expr . EQUAL Expr  (59)
	Expr : Expr . NOT_EQUAL Expr  (60)
	Expr : Expr . '<' Expr  (61)
	Expr : Expr . '>' Expr  (62)
	Expr : Expr . LESS_EQUAL Expr  (63)
	Expr : Expr . GREATER_EQUAL Expr  (64)
	Expr : Expr . AND Expr  (65)
	Expr : Expr . OR Expr  (66)
	Expr : '#' Expr .  (72)

	'.'  shift 134
	'['  shift 135
	AND  reduce 72
	OR  reduce 72
	LESS_EQUAL  reduce 72
	GREATER_EQUAL  reduce 72
	EQUAL  reduce 72
	NOT_EQUAL  reduce 72
	'+'  reduce 72
	'-'  reduce 72
	'*'  reduce 72
	'/'  reduce 72
	'%'  reduce 72
	'>'  reduce 72
	'<'  reduce 72
	','  reduce 72
	';'  reduce 72
	')'  reduce 72
	']'  reduce 72
	':'  reduce 72


state 115
	Stmt : SimpleStmt ';' .  (29)

	.  reduce 29


state 116
	Stmt : DoStmt ';' .  (33)

	.  reduce 33


state 117
	Stmt : PrintCompStmt ';' .  (34)

	.  reduce 34


state 118
	Stmt : ReturnStmt ';' .  (35)

	.  reduce 35


state 119
	Stmt : PrintStmt ';' .  (36)

	.  reduce 36


state 120
	Stmt : BreakStmt ';' .  (37)

	.  reduce 37


state 121
	Expr : Expr AND . Expr  (65)
	Receiver : .  (47)

	NULL  shift 47
	THIS  shift 48
	SUPER  shift 51
	NEW  shift 55
	READ_INTEGER  shift 57
	READ_LINE  shift 58
	LITERAL  shift 60
	CASE  shift 61
	SCOPY  shift 62
	DCOPY  shift 63
	INSTANCEOF  shift 65
	'-'  shift 66
	'!'  shift 67
	'('  shift 68
	'@'  shift 70
	'$'  shift 71
	'#'  shift 72
	IDENTIFIER  reduce 47

	Expr  goto 157
	LValue  goto 94
	Call  goto 95
	Receiver  goto 88
	Constant  goto 89


state 122
	Expr : Expr OR . Expr  (66)
	Receiver : .  (47)

	NULL  shift 47
	THIS  shift 48
	SUPER  shift 51
	NEW  shift 55
	READ_INTEGER  shift 57
	READ_LINE  shift 58
	LITERAL  shift 60
	CASE  shift 61
	SCOPY  shift 62
	DCOPY  shift 63
	INSTANCEOF  shift 65
	'-'  shift 66
	'!'  shift 67
	'('  shift 68
	'@'  shift 70
	'$'  shift 71
	'#'  shift 72
	IDENTIFIER  reduce 47

	Expr  goto 158
	LValue  goto 94
	Call  goto 95
	Receiver  goto 88
	Constant  goto 89


state 123
	Expr : Expr LESS_EQUAL . Expr  (63)
	Receiver : .  (47)

	NULL  shift 47
	THIS  shift 48
	SUPER  shift 51
	NEW  shift 55
	READ_INTEGER  shift 57
	READ_LINE  shift 58
	LITERAL  shift 60
	CASE  shift 61
	SCOPY  shift 62
	DCOPY  shift 63
	INSTANCEOF  shift 65
	'-'  shift 66
	'!'  shift 67
	'('  shift 68
	'@'  shift 70
	'$'  shift 71
	'#'  shift 72
	IDENTIFIER  reduce 47

	Expr  goto 159
	LValue  goto 94
	Call  goto 95
	Receiver  goto 88
	Constant  goto 89


state 124
	Expr : Expr GREATER_EQUAL . Expr  (64)
	Receiver : .  (47)

	NULL  shift 47
	THIS  shift 48
	SUPER  shift 51
	NEW  shift 55
	READ_INTEGER  shift 57
	READ_LINE  shift 58
	LITERAL  shift 60
	CASE  shift 61
	SCOPY  shift 62
	DCOPY  shift 63
	INSTANCEOF  shift 65
	'-'  shift 66
	'!'  shift 67
	'('  shift 68
	'@'  shift 70
	'$'  shift 71
	'#'  shift 72
	IDENTIFIER  reduce 47

	Expr  goto 160
	LValue  goto 94
	Call  goto 95
	Receiver  goto 88
	Constant  goto 89


state 125
	Expr : Expr EQUAL . Expr  (59)
	Receiver : .  (47)

	NULL  shift 47
	THIS  shift 48
	SUPER  shift 51
	NEW  shift 55
	READ_INTEGER  shift 57
	READ_LINE  shift 58
	LITERAL  shift 60
	CASE  shift 61
	SCOPY  shift 62
	DCOPY  shift 63
	INSTANCEOF  shift 65
	'-'  shift 66
	'!'  shift 67
	'('  shift 68
	'@'  shift 70
	'$'  shift 71
	'#'  shift 72
	IDENTIFIER  reduce 47

	Expr  goto 161
	LValue  goto 94
	Call  goto 95
	Receiver  goto 88
	Constant  goto 89


state 126
	Expr : Expr NOT_EQUAL . Expr  (60)
	Receiver : .  (47)

	NULL  shift 47
	THIS  shift 48
	SUPER  shift 51
	NEW  shift 55
	READ_INTEGER  shift 57
	READ_LINE  shift 58
	LITERAL  shift 60
	CASE  shift 61
	SCOPY  shift 62
	DCOPY  shift 63
	INSTANCEOF  shift 65
	'-'  shift 66
	'!'  shift 67
	'('  shift 68
	'@'  shift 70
	'$'  shift 71
	'#'  shift 72
	IDENTIFIER  reduce 47

	Expr  goto 162
	LValue  goto 94
	Call  goto 95
	Receiver  goto 88
	Constant  goto 89


state 127
	Expr : Expr '+' . Expr  (54)
	Receiver : .  (47)

	NULL  shift 47
	THIS  shift 48
	SUPER  shift 51
	NEW  shift 55
	READ_INTEGER  shift 57
	READ_LINE  shift 58
	LITERAL  shift 60
	CASE  shift 61
	SCOPY  shift 62
	DCOPY  shift 63
	INSTANCEOF  shift 65
	'-'  shift 66
	'!'  shift 67
	'('  shift 68
	'@'  shift 70
	'$'  shift 71
	'#'  shift 72
	IDENTIFIER  reduce 47

	Expr  goto 163
	LValue  goto 94
	Call  goto 95
	Receiver  goto 88
	Constant  goto 89


state 128
	Expr : Expr '-' . Expr  (55)
	Receiver : .  (47)

	NULL  shift 47
	THIS  shift 48
	SUPER  shift 51
	NEW  shift 55
	READ_INTEGER  shift 57
	READ_LINE  shift 58
	LITERAL  shift 60
	CASE  shift 61
	SCOPY  shift 62
	DCOPY  shift 63
	INSTANCEOF  shift 65
	'-'  shift 66
	'!'  shift 67
	'('  shift 68
	'@'  shift 70
	'$'  shift 71
	'#'  shift 72
	IDENTIFIER  reduce 47

	Expr  goto 164
	LValue  goto 94
	Call  goto 95
	Receiver  goto 88
	Constant  goto 89


state 129
	Expr : Expr '*' . Expr  (56)
	Receiver : .  (47)

	NULL  shift 47
	THIS  shift 48
	SUPER  shift 51
	NEW  shift 55
	READ_INTEGER  shift 57
	READ_LINE  shift 58
	LITERAL  shift 60
	CASE  shift 61
	SCOPY  shift 62
	DCOPY  shift 63
	INSTANCEOF  shift 65
	'-'  shift 66
	'!'  shift 67
	'('  shift 68
	'@'  shift 70
	'$'  shift 71
	'#'  shift 72
	IDENTIFIER  reduce 47

	Expr  goto 165
	LValue  goto 94
	Call  goto 95
	Receiver  goto 88
	Constant  goto 89


state 130
	Expr : Expr '/' . Expr  (57)
	Receiver : .  (47)

	NULL  shift 47
	THIS  shift 48
	SUPER  shift 51
	NEW  shift 55
	READ_INTEGER  shift 57
	READ_LINE  shift 58
	LITERAL  shift 60
	CASE  shift 61
	SCOPY  shift 62
	DCOPY  shift 63
	INSTANCEOF  shift 65
	'-'  shift 66
	'!'  shift 67
	'('  shift 68
	'@'  shift 70
	'$'  shift 71
	'#'  shift 72
	IDENTIFIER  reduce 47

	Expr  goto 166
	LValue  goto 94
	Call  goto 95
	Receiver  goto 88
	Constant  goto 89


state 131
	Expr : Expr '%' . Expr  (58)
	Receiver : .  (47)

	NULL  shift 47
	THIS  shift 48
	SUPER  shift 51
	NEW  shift 55
	READ_INTEGER  shift 57
	READ_LINE  shift 58
	LITERAL  shift 60
	CASE  shift 61
	SCOPY  shift 62
	DCOPY  shift 63
	INSTANCEOF  shift 65
	'-'  shift 66
	'!'  shift 67
	'('  shift 68
	'@'  shift 70
	'$'  shift 71
	'#'  shift 72
	IDENTIFIER  reduce 47

	Expr  goto 167
	LValue  goto 94
	Call  goto 95
	Receiver  goto 88
	Constant  goto 89


state 132
	Expr : Expr '>' . Expr  (62)
	Receiver : .  (47)

	NULL  shift 47
	THIS  shift 48
	SUPER  shift 51
	NEW  shift 55
	READ_INTEGER  shift 57
	READ_LINE  shift 58
	LITERAL  shift 60
	CASE  shift 61
	SCOPY  shift 62
	DCOPY  shift 63
	INSTANCEOF  shift 65
	'-'  shift 66
	'!'  shift 67
	'('  shift 68
	'@'  shift 70
	'$'  shift 71
	'#'  shift 72
	IDENTIFIER  reduce 47

	Expr  goto 168
	LValue  goto 94
	Call  goto 95
	Receiver  goto 88
	Constant  goto 89


state 133
	Expr : Expr '<' . Expr  (61)
	Receiver : .  (47)

	NULL  shift 47
	THIS  shift 48
	SUPER  shift 51
	NEW  shift 55
	READ_INTEGER  shift 57
	READ_LINE  shift 58
	LITERAL  shift 60
	CASE  shift 61
	SCOPY  shift 62
	DCOPY  shift 63
	INSTANCEOF  shift 65
	'-'  shift 66
	'!'  shift 67
	'('  shift 68
	'@'  shift 70
	'$'  shift 71
	'#'  shift 72
	IDENTIFIER  reduce 47

	Expr  goto 169
	LValue  goto 94
	Call  goto 95
	Receiver  goto 88
	Constant  goto 89


state 134
	Receiver : Expr '.' .  (46)

	.  reduce 46


state 135
	LValue : Expr '[' . Expr ']'  (49)
	Receiver : .  (47)

	NULL  shift 47
	THIS  shift 48
	SUPER  shift 51
	NEW  shift 55
	READ_INTEGER  shift 57
	READ_LINE  shift 58
	LITERAL  shift 60
	CASE  shift 61
	SCOPY  shift 62
	DCOPY  shift 63
	INSTANCEOF  shift 65
	'-'  shift 66
	'!'  shift 67
	'('  shift 68
	'@'  shift 70
	'$'  shift 71
	'#'  shift 72
	IDENTIFIER  reduce 47

	Expr  goto 170
	LValue  goto 94
	Call  goto 95
	Receiver  goto 88
	Constant  goto 89


state 136
	SimpleStmt : LValue '=' . Expr  (43)
	Receiver : .  (47)

	NULL  shift 47
	THIS  shift 48
	SUPER  shift 51
	NEW  shift 55
	READ_INTEGER  shift 57
	READ_LINE  shift 58
	LITERAL  shift 60
	CASE  shift 61
	SCOPY  shift 62
	DCOPY  shift 63
	INSTANCEOF  shift 65
	'-'  shift 66
	'!'  shift 67
	'('  shift 68
	'@'  shift 70
	'$'  shift 71
	'#'  shift 72
	IDENTIFIER  reduce 47

	Expr  goto 171
	LValue  goto 94
	Call  goto 95
	Receiver  goto 88
	Constant  goto 89


state 137
	LValue : Receiver IDENTIFIER .  (48)
	Call : Receiver IDENTIFIER . '(' Actuals ')'  (50)

	'('  shift 172
	AND  reduce 48
	OR  reduce 48
	LESS_EQUAL  reduce 48
	GREATER_EQUAL  reduce 48
	EQUAL  reduce 48
	NOT_EQUAL  reduce 48
	'+'  reduce 48
	'-'  reduce 48
	'*'  reduce 48
	'/'  reduce 48
	'%'  reduce 48
	'='  reduce 48
	'>'  reduce 48
	'<'  reduce 48
	'.'  reduce 48
	','  reduce 48
	';'  reduce 48
	')'  reduce 48
	'['  reduce 48
	']'  reduce 48
	':'  reduce 48


state 138
	Receiver : Expr . '.'  (46)
	LValue : Expr . '[' Expr ']'  (49)
	Expr : Expr . '+' Expr  (54)
	Expr : Expr . '-' Expr  (55)
	Expr : Expr . '*' Expr  (56)
	Expr : Expr . '/' Expr  (57)
	Expr : Expr . '%' Expr  (58)
	Expr : Expr . EQUAL Expr  (59)
	Expr : Expr . NOT_EQUAL Expr  (60)
	Expr : Expr . '<' Expr  (61)
	Expr : Expr . '>' Expr  (62)
	Expr : Expr . LESS_EQUAL Expr  (63)
	Expr : Expr . GREATER_EQUAL Expr  (64)
	Expr : Expr . AND Expr  (65)
	Expr : Expr . OR Expr  (66)
	WhileStmt : WHILE '(' Expr . ')' Stmt  (95)

	AND  shift 121
	OR  shift 122
	LESS_EQUAL  shift 123
	GREATER_EQUAL  shift 124
	EQUAL  shift 125
	NOT_EQUAL  shift 126
	'+'  shift 127
	'-'  shift 128
	'*'  shift 129
	'/'  shift 130
	'%'  shift 131
	'>'  shift 132
	'<'  shift 133
	'.'  shift 134
	')'  shift 173
	'['  shift 135
	.  error


state 139
	ForStmt : FOR '(' SimpleStmt . ';' Expr ';' SimpleStmt ')' Stmt  (96)

	';'  shift 174
	.  error


state 140
	Receiver : Expr . '.'  (46)
	LValue : Expr . '[' Expr ']'  (49)
	Expr : Expr . '+' Expr  (54)
	Expr : Expr . '-' Expr  (55)
	Expr : Expr . '*' Expr  (56)
	Expr : Expr . '/' Expr  (57)
	Expr : Expr . '%' Expr  (58)
	Expr : Expr . EQUAL Expr  (59)
	Expr : Expr . NOT_EQUAL Expr  (60)
	Expr : Expr . '<' Expr  (61)
	Expr : Expr . '>' Expr  (62)
	Expr : Expr . LESS_EQUAL Expr  (63)
	Expr : Expr . GREATER_EQUAL Expr  (64)
	Expr : Expr . AND Expr  (65)
	Expr : Expr . OR Expr  (66)
	IfStmt : IF '(' Expr . ')' Stmt ElseClause  (98)

	AND  shift 121
	OR  shift 122
	LESS_EQUAL  shift 123
	GREATER_EQUAL  shift 124
	EQUAL  shift 125
	NOT_EQUAL  shift 126
	'+'  shift 127
	'-'  shift 128
	'*'  shift 129
	'/'  shift 130
	'%'  shift 131
	'>'  shift 132
	'<'  shift 133
	'.'  shift 134
	')'  shift 175
	'['  shift 135
	.  error


state 141
	Expr : NEW IDENTIFIER '(' . ')'  (79)

	')'  shift 176
	.  error


state 142
	Type : Type '[' . ']'  (12)
	Expr : NEW Type '[' . Expr ']'  (80)
	Receiver : .  (47)

	NULL  shift 47
	THIS  shift 48
	SUPER  shift 51
	NEW  shift 55
	READ_INTEGER  shift 57
	READ_LINE  shift 58
	LITERAL  shift 60
	CASE  shift 61
	SCOPY  shift 62
	DCOPY  shift 63
	INSTANCEOF  shift 65
	'-'  shift 66
	'!'  shift 67
	'('  shift 68
	']'  shift 31
	'@'  shift 70
	'$'  shift 71
	'#'  shift 72
	IDENTIFIER  reduce 47

	Expr  goto 177
	LValue  goto 94
	Call  goto 95
	Receiver  goto 88
	Constant  goto 89


state 143
	Receiver : Expr . '.'  (46)
	LValue : Expr . '[' Expr ']'  (49)
	Expr : Expr . '+' Expr  (54)
	Expr : Expr . '-' Expr  (55)
	Expr : Expr . '*' Expr  (56)
	Expr : Expr . '/' Expr  (57)
	Expr : Expr . '%' Expr  (58)
	Expr : Expr . EQUAL Expr  (59)
	Expr : Expr . NOT_EQUAL Expr  (60)
	Expr : Expr . '<' Expr  (61)
	Expr : Expr . '>' Expr  (62)
	Expr : Expr . LESS_EQUAL Expr  (63)
	Expr : Expr . GREATER_EQUAL Expr  (64)
	Expr : Expr . AND Expr  (65)
	Expr : Expr . OR Expr  (66)
	ExprList : Expr .  (93)

	AND  shift 121
	OR  shift 122
	LESS_EQUAL  shift 123
	GREATER_EQUAL  shift 124
	EQUAL  shift 125
	NOT_EQUAL  shift 126
	'+'  shift 127
	'-'  shift 128
	'*'  shift 129
	'/'  shift 130
	'%'  shift 131
	'>'  shift 132
	'<'  shift 133
	'.'  shift 134
	'['  shift 135
	','  reduce 93
	')'  reduce 93


state 144
	ExprList : ExprList . ',' Expr  (92)
	PrintStmt : PRINT '(' ExprList . ')'  (103)

	','  shift 178
	')'  shift 179
	.  error


state 145
	Expr : READ_INTEGER '(' ')' .  (73)

	.  reduce 73


state 146
	Expr : READ_LINE '(' ')' .  (74)

	.  reduce 74


state 147
	ExprList : ExprList . ',' Expr  (92)
	PrintCompStmt : PRINT_COMP '(' ExprList . ')'  (94)

	','  shift 178
	')'  shift 180
	.  error


state 148
	Receiver : Expr . '.'  (46)
	LValue : Expr . '[' Expr ']'  (49)
	Expr : Expr . '+' Expr  (54)
	Expr : Expr . '-' Expr  (55)
	Expr : Expr . '*' Expr  (56)
	Expr : Expr . '/' Expr  (57)
	Expr : Expr . '%' Expr  (58)
	Expr : Expr . EQUAL Expr  (59)
	Expr : Expr . NOT_EQUAL Expr  (60)
	Expr : Expr . '<' Expr  (61)
	Expr : Expr . '>' Expr  (62)
	Expr : Expr . LESS_EQUAL Expr  (63)
	Expr : Expr . GREATER_EQUAL Expr  (64)
	Expr : Expr . AND Expr  (65)
	Expr : Expr . OR Expr  (66)
	Expr : CASE '(' Expr . ')' '{' ACaseExprList DefaultExpr '}'  (83)

	AND  shift 121
	OR  shift 122
	LESS_EQUAL  shift 123
	GREATER_EQUAL  shift 124
	EQUAL  shift 125
	NOT_EQUAL  shift 126
	'+'  shift 127
	'-'  shift 128
	'*'  shift 129
	'/'  shift 130
	'%'  shift 131
	'>'  shift 132
	'<'  shift 133
	'.'  shift 134
	')'  shift 181
	'['  shift 135
	.  error


state 149
	Receiver : Expr . '.'  (46)
	LValue : Expr . '[' Expr ']'  (49)
	Expr : Expr . '+' Expr  (54)
	Expr : Expr . '-' Expr  (55)
	Expr : Expr . '*' Expr  (56)
	Expr : Expr . '/' Expr  (57)
	Expr : Expr . '%' Expr  (58)
	Expr : Expr . EQUAL Expr  (59)
	Expr : Expr . NOT_EQUAL Expr  (60)
	Expr : Expr . '<' Expr  (61)
	Expr : Expr . '>' Expr  (62)
	Expr : Expr . LESS_EQUAL Expr  (63)
	Expr : Expr . GREATER_EQUAL Expr  (64)
	Expr : Expr . AND Expr  (65)
	Expr : Expr . OR Expr  (66)
	Expr : SCOPY '(' Expr . ')'  (78)

	AND  shift 121
	OR  shift 122
	LESS_EQUAL  shift 123
	GREATER_EQUAL  shift 124
	EQUAL  shift 125
	NOT_EQUAL  shift 126
	'+'  shift 127
	'-'  shift 128
	'*'  shift 129
	'/'  shift 130
	'%'  shift 131
	'>'  shift 132
	'<'  shift 133
	'.'  shift 134
	')'  shift 182
	'['  shift 135
	.  error


state 150
	Receiver : Expr . '.'  (46)
	LValue : Expr . '[' Expr ']'  (49)
	Expr : Expr . '+' Expr  (54)
	Expr : Expr . '-' Expr  (55)
	Expr : Expr . '*' Expr  (56)
	Expr : Expr . '/' Expr  (57)
	Expr : Expr . '%' Expr  (58)
	Expr : Expr . EQUAL Expr  (59)
	Expr : Expr . NOT_EQUAL Expr  (60)
	Expr : Expr . '<' Expr  (61)
	Expr : Expr . '>' Expr  (62)
	Expr : Expr . LESS_EQUAL Expr  (63)
	Expr : Expr . GREATER_EQUAL Expr  (64)
	Expr : Expr . AND Expr  (65)
	Expr : Expr . OR Expr  (66)
	Expr : DCOPY '(' Expr . ')'  (77)

	AND  shift 121
	OR  shift 122
	LESS_EQUAL  shift 123
	GREATER_EQUAL  shift 124
	EQUAL  shift 125
	NOT_EQUAL  shift 126
	'+'  shift 127
	'-'  shift 128
	'*'  shift 129
	'/'  shift 130
	'%'  shift 131
	'>'  shift 132
	'<'  shift 133
	'.'  shift 134
	')'  shift 183
	'['  shift 135
	.  error


state 151
	DoBranchList : BRANCH . DoSubStmt DoBranchList  (40)
	Receiver : .  (47)

	NULL  shift 47
	THIS  shift 48
	SUPER  shift 51
	NEW  shift 55
	READ_INTEGER  shift 57
	READ_LINE  shift 58
	LITERAL  shift 60
	CASE  shift 61
	SCOPY  shift 62
	DCOPY  shift 63
	INSTANCEOF  shift 65
	'-'  shift 66
	'!'  shift 67
	'('  shift 68
	'@'  shift 70
	'$'  shift 71
	'#'  shift 72
	IDENTIFIER  reduce 47

	DoSubStmt  goto 184
	Expr  goto 106
	LValue  goto 94
	Call  goto 95
	Receiver  goto 88
	Constant  goto 89


state 152
	DoStmt : DO DoSubStmt DoBranchList . OD  (39)

	OD  shift 185
	.  error


state 153
	DoSubStmt : Expr ':' . Stmt  (42)
	SimpleStmt : .  (45)
	Receiver : .  (47)

	VOID  shift 12
	BOOL  shift 13
	INT  shift 14
	STRING  shift 15
	CLASS  shift 16
	COMPLEX  shift 17
	NULL  shift 47
	THIS  shift 48
	WHILE  shift 49
	FOR  shift 50
	SUPER  shift 51
	IF  shift 52
	RETURN  shift 53
	BREAK  shift 54
	NEW  shift 55
	PRINT  shift 56
	READ_INTEGER  shift 57
	READ_LINE  shift 58
	PRINT_COMP  shift 59
	LITERAL  shift 60
	CASE  shift 61
	SCOPY  shift 62
	DCOPY  shift 63
	DO  shift 64
	INSTANCEOF  shift 65
	'-'  shift 66
	'!'  shift 67
	'('  shift 68
	'{'  shift 42
	'@'  shift 70
	'$'  shift 71
	'#'  shift 72
	IDENTIFIER  reduce 47
	';'  reduce 45

	VariableDef  goto 73
	Variable  goto 21
	Type  goto 34
	StmtBlock  goto 74
	Stmt  goto 186
	SimpleStmt  goto 76
	IfStmt  goto 77
	WhileStmt  goto 78
	ForStmt  goto 79
	DoStmt  goto 80
	PrintCompStmt  goto 81
	ReturnStmt  goto 82
	PrintStmt  goto 83
	BreakStmt  goto 84
	Expr  goto 85
	LValue  goto 86
	Call  goto 87
	Receiver  goto 88
	Constant  goto 89


state 154
	Receiver : Expr . '.'  (46)
	LValue : Expr . '[' Expr ']'  (49)
	Expr : Expr . '+' Expr  (54)
	Expr : Expr . '-' Expr  (55)
	Expr : Expr . '*' Expr  (56)
	Expr : Expr . '/' Expr  (57)
	Expr : Expr . '%' Expr  (58)
	Expr : Expr . EQUAL Expr  (59)
	Expr : Expr . NOT_EQUAL Expr  (60)
	Expr : Expr . '<' Expr  (61)
	Expr : Expr . '>' Expr  (62)
	Expr : Expr . LESS_EQUAL Expr  (63)
	Expr : Expr . GREATER_EQUAL Expr  (64)
	Expr : Expr . AND Expr  (65)
	Expr : Expr . OR Expr  (66)
	Expr : INSTANCEOF '(' Expr . ',' IDENTIFIER ')'  (81)

	AND  shift 121
	OR  shift 122
	LESS_EQUAL  shift 123
	GREATER_EQUAL  shift 124
	EQUAL  shift 125
	NOT_EQUAL  shift 126
	'+'  shift 127
	'-'  shift 128
	'*'  shift 129
	'/'  shift 130
	'%'  shift 131
	'>'  shift 132
	'<'  shift 133
	'.'  shift 134
	','  shift 187
	'['  shift 135
	.  error


state 155
	Expr : '(' CLASS IDENTIFIER . ')' Expr  (82)

	')'  shift 188
	.  error


state 156
	Expr : '(' Expr ')' .  (67)

	.  reduce 67


state 157
	Receiver : Expr . '.'  (46)
	LValue : Expr . '[' Expr ']'  (49)
	Expr : Expr . '+' Expr  (54)
	Expr : Expr . '-' Expr  (55)
	Expr : Expr . '*' Expr  (56)
	Expr : Expr . '/' Expr  (57)
	Expr : Expr . '%' Expr  (58)
	Expr : Expr . EQUAL Expr  (59)
	Expr : Expr . NOT_EQUAL Expr  (60)
	Expr : Expr . '<' Expr  (61)
	Expr : Expr . '>' Expr  (62)
	Expr : Expr . LESS_EQUAL Expr  (63)
	Expr : Expr . GREATER_EQUAL Expr  (64)
	Expr : Expr . AND Expr  (65)
	Expr : Expr AND Expr .  (65)
	Expr : Expr . OR Expr  (66)

	LESS_EQUAL  shift 123
	GREATER_EQUAL  shift 124
	EQUAL  shift 125
	NOT_EQUAL  shift 126
	'+'  shift 127
	'-'  shift 128
	'*'  shift 129
	'/'  shift 130
	'%'  shift 131
	'>'  shift 132
	'<'  shift 133
	'.'  shift 134
	'['  shift 135
	AND  reduce 65
	OR  reduce 65
	','  reduce 65
	';'  reduce 65
	')'  reduce 65
	']'  reduce 65
	':'  reduce 65


state 158
	Receiver : Expr . '.'  (46)
	LValue : Expr . '[' Expr ']'  (49)
	Expr : Expr . '+' Expr  (54)
	Expr : Expr . '-' Expr  (55)
	Expr : Expr . '*' Expr  (56)
	Expr : Expr . '/' Expr  (57)
	Expr : Expr . '%' Expr  (58)
	Expr : Expr . EQUAL Expr  (59)
	Expr : Expr . NOT_EQUAL Expr  (60)
	Expr : Expr . '<' Expr  (61)
	Expr : Expr . '>' Expr  (62)
	Expr : Expr . LESS_EQUAL Expr  (63)
	Expr : Expr . GREATER_EQUAL Expr  (64)
	Expr : Expr . AND Expr  (65)
	Expr : Expr . OR Expr  (66)
	Expr : Expr OR Expr .  (66)

	AND  shift 121
	LESS_EQUAL  shift 123
	GREATER_EQUAL  shift 124
	EQUAL  shift 125
	NOT_EQUAL  shift 126
	'+'  shift 127
	'-'  shift 128
	'*'  shift 129
	'/'  shift 130
	'%'  shift 131
	'>'  shift 132
	'<'  shift 133
	'.'  shift 134
	'['  shift 135
	OR  reduce 66
	','  reduce 66
	';'  reduce 66
	')'  reduce 66
	']'  reduce 66
	':'  reduce 66


state 159
	Receiver : Expr . '.'  (46)
	LValue : Expr . '[' Expr ']'  (49)
	Expr : Expr . '+' Expr  (54)
	Expr : Expr . '-' Expr  (55)
	Expr : Expr . '*' Expr  (56)
	Expr : Expr . '/' Expr  (57)
	Expr : Expr . '%' Expr  (58)
	Expr : Expr . EQUAL Expr  (59)
	Expr : Expr . NOT_EQUAL Expr  (60)
	Expr : Expr . '<' Expr  (61)
	Expr : Expr . '>' Expr  (62)
	Expr : Expr . LESS_EQUAL Expr  (63)
	Expr : Expr LESS_EQUAL Expr .  (63)
	Expr : Expr . GREATER_EQUAL Expr  (64)
	Expr : Expr . AND Expr  (65)
	Expr : Expr . OR Expr  (66)

	'+'  shift 127
	'-'  shift 128
	'*'  shift 129
	'/'  shift 130
	'%'  shift 131
	'.'  shift 134
	'['  shift 135
	AND  reduce 63
	OR  reduce 63
	EQUAL  reduce 63
	NOT_EQUAL  reduce 63
	','  reduce 63
	';'  reduce 63
	')'  reduce 63
	']'  reduce 63
	':'  reduce 63


state 160
	Receiver : Expr . '.'  (46)
	LValue : Expr . '[' Expr ']'  (49)
	Expr : Expr . '+' Expr  (54)
	Expr : Expr . '-' Expr  (55)
	Expr : Expr . '*' Expr  (56)
	Expr : Expr . '/' Expr  (57)
	Expr : Expr . '%' Expr  (58)
	Expr : Expr . EQUAL Expr  (59)
	Expr : Expr . NOT_EQUAL Expr  (60)
	Expr : Expr . '<' Expr  (61)
	Expr : Expr . '>' Expr  (62)
	Expr : Expr . LESS_EQUAL Expr  (63)
	Expr : Expr . GREATER_EQUAL Expr  (64)
	Expr : Expr GREATER_EQUAL Expr .  (64)
	Expr : Expr . AND Expr  (65)
	Expr : Expr . OR Expr  (66)

	'+'  shift 127
	'-'  shift 128
	'*'  shift 129
	'/'  shift 130
	'%'  shift 131
	'.'  shift 134
	'['  shift 135
	AND  reduce 64
	OR  reduce 64
	EQUAL  reduce 64
	NOT_EQUAL  reduce 64
	','  reduce 64
	';'  reduce 64
	')'  reduce 64
	']'  reduce 64
	':'  reduce 64


state 161
	Receiver : Expr . '.'  (46)
	LValue : Expr . '[' Expr ']'  (49)
	Expr : Expr . '+' Expr  (54)
	Expr : Expr . '-' Expr  (55)
	Expr : Expr . '*' Expr  (56)
	Expr : Expr . '/' Expr  (57)
	Expr : Expr . '%' Expr  (58)
	Expr : Expr . EQUAL Expr  (59)
	Expr : Expr EQUAL Expr .  (59)
	Expr : Expr . NOT_EQUAL Expr  (60)
	Expr : Expr . '<' Expr  (61)
	Expr : Expr . '>' Expr  (62)
	Expr : Expr . LESS_EQUAL Expr  (63)
	Expr : Expr . GREATER_EQUAL Expr  (64)
	Expr : Expr . AND Expr  (65)
	Expr : Expr . OR Expr  (66)

	LESS_EQUAL  shift 123
	GREATER_EQUAL  shift 124
	'+'  shift 127
	'-'  shift 128
	'*'  shift 129
	'/'  shift 130
	'%'  shift 131
	'>'  shift 132
	'<'  shift 133
	'.'  shift 134
	'['  shift 135
	AND  reduce 59
	OR  reduce 59
	','  reduce 59
	';'  reduce 59
	')'  reduce 59
	']'  reduce 59
	':'  reduce 59


state 162
	Receiver : Expr . '.'  (46)
	LValue : Expr . '[' Expr ']'  (49)
	Expr : Expr . '+' Expr  (54)
	Expr : Expr . '-' Expr  (55)
	Expr : Expr . '*' Expr  (56)
	Expr : Expr . '/' Expr  (57)
	Expr : Expr . '%' Expr  (58)
	Expr : Expr . EQUAL Expr  (59)
	Expr : Expr . NOT_EQUAL Expr  (60)
	Expr : Expr NOT_EQUAL Expr .  (60)
	Expr : Expr . '<' Expr  (61)
	Expr : Expr . '>' Expr  (62)
	Expr : Expr . LESS_EQUAL Expr  (63)
	Expr : Expr . GREATER_EQUAL Expr  (64)
	Expr : Expr . AND Expr  (65)
	Expr : Expr . OR Expr  (66)

	LESS_EQUAL  shift 123
	GREATER_EQUAL  shift 124
	'+'  shift 127
	'-'  shift 128
	'*'  shift 129
	'/'  shift 130
	'%'  shift 131
	'>'  shift 132
	'<'  shift 133
	'.'  shift 134
	'['  shift 135
	AND  reduce 60
	OR  reduce 60
	','  reduce 60
	';'  reduce 60
	')'  reduce 60
	']'  reduce 60
	':'  reduce 60


state 163
	Receiver : Expr . '.'  (46)
	LValue : Expr . '[' Expr ']'  (49)
	Expr : Expr . '+' Expr  (54)
	Expr : Expr '+' Expr .  (54)
	Expr : Expr . '-' Expr  (55)
	Expr : Expr . '*' Expr  (56)
	Expr : Expr . '/' Expr  (57)
	Expr : Expr . '%' Expr  (58)
	Expr : Expr . EQUAL Expr  (59)
	Expr : Expr . NOT_EQUAL Expr  (60)
	Expr : Expr . '<' Expr  (61)
	Expr : Expr . '>' Expr  (62)
	Expr : Expr . LESS_EQUAL Expr  (63)
	Expr : Expr . GREATER_EQUAL Expr  (64)
	Expr : Expr . AND Expr  (65)
	Expr : Expr . OR Expr  (66)

	'*'  shift 129
	'/'  shift 130
	'%'  shift 131
	'.'  shift 134
	'['  shift 135
	AND  reduce 54
	OR  reduce 54
	LESS_EQUAL  reduce 54
	GREATER_EQUAL  reduce 54
	EQUAL  reduce 54
	NOT_EQUAL  reduce 54
	'+'  reduce 54
	'-'  reduce 54
	'>'  reduce 54
	'<'  reduce 54
	','  reduce 54
	';'  reduce 54
	')'  reduce 54
	']'  reduce 54
	':'  reduce 54


state 164
	Receiver : Expr . '.'  (46)
	LValue : Expr . '[' Expr ']'  (49)
	Expr : Expr . '+' Expr  (54)
	Expr : Expr . '-' Expr  (55)
	Expr : Expr '-' Expr .  (55)
	Expr : Expr . '*' Expr  (56)
	Expr : Expr . '/' Expr  (57)
	Expr : Expr . '%' Expr  (58)
	Expr : Expr . EQUAL Expr  (59)
	Expr : Expr . NOT_EQUAL Expr  (60)
	Expr : Expr . '<' Expr  (61)
	Expr : Expr . '>' Expr  (62)
	Expr : Expr . LESS_EQUAL Expr  (63)
	Expr : Expr . GREATER_EQUAL Expr  (64)
	Expr : Expr . AND Expr  (65)
	Expr : Expr . OR Expr  (66)

	'*'  shift 129
	'/'  shift 130
	'%'  shift 131
	'.'  shift 134
	'['  shift 135
	AND  reduce 55
	OR  reduce 55
	LESS_EQUAL  reduce 55
	GREATER_EQUAL  reduce 55
	EQUAL  reduce 55
	NOT_EQUAL  reduce 55
	'+'  reduce 55
	'-'  reduce 55
	'>'  reduce 55
	'<'  reduce 55
	','  reduce 55
	';'  reduce 55
	')'  reduce 55
	']'  reduce 55
	':'  reduce 55


state 165
	Receiver : Expr . '.'  (46)
	LValue : Expr . '[' Expr ']'  (49)
	Expr : Expr . '+' Expr  (54)
	Expr : Expr . '-' Expr  (55)
	Expr : Expr . '*' Expr  (56)
	Expr : Expr '*' Expr .  (56)
	Expr : Expr . '/' Expr  (57)
	Expr : Expr . '%' Expr  (58)
	Expr : Expr . EQUAL Expr  (59)
	Expr : Expr . NOT_EQUAL Expr  (60)
	Expr : Expr . '<' Expr  (61)
	Expr : Expr . '>' Expr  (62)
	Expr : Expr . LESS_EQUAL Expr  (63)
	Expr : Expr . GREATER_EQUAL Expr  (64)
	Expr : Expr . AND Expr  (65)
	Expr : Expr . OR Expr  (66)

	'.'  shift 134
	'['  shift 135
	AND  reduce 56
	OR  reduce 56
	LESS_EQUAL  reduce 56
	GREATER_EQUAL  reduce 56
	EQUAL  reduce 56
	NOT_EQUAL  reduce 56
	'+'  reduce 56
	'-'  reduce 56
	'*'  reduce 56
	'/'  reduce 56
	'%'  reduce 56
	'>'  reduce 56
	'<'  reduce 56
	','  reduce 56
	';'  reduce 56
	')'  reduce 56
	']'  reduce 56
	':'  reduce 56


state 166
	Receiver : Expr . '.'  (46)
	LValue : Expr . '[' Expr ']'  (49)
	Expr : Expr . '+' Expr  (54)
	Expr : Expr . '-' Expr  (55)
	Expr : Expr . '*' Expr  (56)
	Expr : Expr . '/' Expr  (57)
	Expr : Expr '/' Expr .  (57)
	Expr : Expr . '%' Expr  (58)
	Expr : Expr . EQUAL Expr  (59)
	Expr : Expr . NOT_EQUAL Expr  (60)
	Expr : Expr . '<' Expr  (61)
	Expr : Expr . '>' Expr  (62)
	Expr : Expr . LESS_EQUAL Expr  (63)
	Expr : Expr . GREATER_EQUAL Expr  (64)
	Expr : Expr . AND Expr  (65)
	Expr : Expr . OR Expr  (66)

	'.'  shift 134
	'['  shift 135
	AND  reduce 57
	OR  reduce 57
	LESS_EQUAL  reduce 57
	GREATER_EQUAL  reduce 57
	EQUAL  reduce 57
	NOT_EQUAL  reduce 57
	'+'  reduce 57
	'-'  reduce 57
	'*'  reduce 57
	'/'  reduce 57
	'%'  reduce 57
	'>'  reduce 57
	'<'  reduce 57
	','  reduce 57
	';'  reduce 57
	')'  reduce 57
	']'  reduce 57
	':'  reduce 57


state 167
	Receiver : Expr . '.'  (46)
	LValue : Expr . '[' Expr ']'  (49)
	Expr : Expr . '+' Expr  (54)
	Expr : Expr . '-' Expr  (55)
	Expr : Expr . '*' Expr  (56)
	Expr : Expr . '/' Expr  (57)
	Expr : Expr . '%' Expr  (58)
	Expr : Expr '%' Expr .  (58)
	Expr : Expr . EQUAL Expr  (59)
	Expr : Expr . NOT_EQUAL Expr  (60)
	Expr : Expr . '<' Expr  (61)
	Expr : Expr . '>' Expr  (62)
	Expr : Expr . LESS_EQUAL Expr  (63)
	Expr : Expr . GREATER_EQUAL Expr  (64)
	Expr : Expr . AND Expr  (65)
	Expr : Expr . OR Expr  (66)

	'.'  shift 134
	'['  shift 135
	AND  reduce 58
	OR  reduce 58
	LESS_EQUAL  reduce 58
	GREATER_EQUAL  reduce 58
	EQUAL  reduce 58
	NOT_EQUAL  reduce 58
	'+'  reduce 58
	'-'  reduce 58
	'*'  reduce 58
	'/'  reduce 58
	'%'  reduce 58
	'>'  reduce 58
	'<'  reduce 58
	','  reduce 58
	';'  reduce 58
	')'  reduce 58
	']'  reduce 58
	':'  reduce 58


state 168
	Receiver : Expr . '.'  (46)
	LValue : Expr . '[' Expr ']'  (49)
	Expr : Expr . '+' Expr  (54)
	Expr : Expr . '-' Expr  (55)
	Expr : Expr . '*' Expr  (56)
	Expr : Expr . '/' Expr  (57)
	Expr : Expr . '%' Expr  (58)
	Expr : Expr . EQUAL Expr  (59)
	Expr : Expr . NOT_EQUAL Expr  (60)
	Expr : Expr . '<' Expr  (61)
	Expr : Expr . '>' Expr  (62)
	Expr : Expr '>' Expr .  (62)
	Expr : Expr . LESS_EQUAL Expr  (63)
	Expr : Expr . GREATER_EQUAL Expr  (64)
	Expr : Expr . AND Expr  (65)
	Expr : Expr . OR Expr  (66)

	'+'  shift 127
	'-'  shift 128
	'*'  shift 129
	'/'  shift 130
	'%'  shift 131
	'.'  shift 134
	'['  shift 135
	AND  reduce 62
	OR  reduce 62
	EQUAL  reduce 62
	NOT_EQUAL  reduce 62
	','  reduce 62
	';'  reduce 62
	')'  reduce 62
	']'  reduce 62
	':'  reduce 62


state 169
	Receiver : Expr . '.'  (46)
	LValue : Expr . '[' Expr ']'  (49)
	Expr : Expr . '+' Expr  (54)
	Expr : Expr . '-' Expr  (55)
	Expr : Expr . '*' Expr  (56)
	Expr : Expr . '/' Expr  (57)
	Expr : Expr . '%' Expr  (58)
	Expr : Expr . EQUAL Expr  (59)
	Expr : Expr . NOT_EQUAL Expr  (60)
	Expr : Expr . '<' Expr  (61)
	Expr : Expr '<' Expr .  (61)
	Expr : Expr . '>' Expr  (62)
	Expr : Expr . LESS_EQUAL Expr  (63)
	Expr : Expr . GREATER_EQUAL Expr  (64)
	Expr : Expr . AND Expr  (65)
	Expr : Expr . OR Expr  (66)

	'+'  shift 127
	'-'  shift 128
	'*'  shift 129
	'/'  shift 130
	'%'  shift 131
	'.'  shift 134
	'['  shift 135
	AND  reduce 61
	OR  reduce 61
	EQUAL  reduce 61
	NOT_EQUAL  reduce 61
	','  reduce 61
	';'  reduce 61
	')'  reduce 61
	']'  reduce 61
	':'  reduce 61


state 170
	Receiver : Expr . '.'  (46)
	LValue : Expr . '[' Expr ']'  (49)
	LValue : Expr '[' Expr . ']'  (49)
	Expr : Expr . '+' Expr  (54)
	Expr : Expr . '-' Expr  (55)
	Expr : Expr . '*' Expr  (56)
	Expr : Expr . '/' Expr  (57)
	Expr : Expr . '%' Expr  (58)
	Expr : Expr . EQUAL Expr  (59)
	Expr : Expr . NOT_EQUAL Expr  (60)
	Expr : Expr . '<' Expr  (61)
	Expr : Expr . '>' Expr  (62)
	Expr : Expr . LESS_EQUAL Expr  (63)
	Expr : Expr . GREATER_EQUAL Expr  (64)
	Expr : Expr . AND Expr  (65)
	Expr : Expr . OR Expr  (66)

	AND  shift 121
	OR  shift 122
	LESS_EQUAL  shift 123
	GREATER_EQUAL  shift 124
	EQUAL  shift 125
	NOT_EQUAL  shift 126
	'+'  shift 127
	'-'  shift 128
	'*'  shift 129
	'/'  shift 130
	'%'  shift 131
	'>'  shift 132
	'<'  shift 133
	'.'  shift 134
	'['  shift 135
	']'  shift 189
	.  error


state 171
	SimpleStmt : LValue '=' Expr .  (43)
	Receiver : Expr . '.'  (46)
	LValue : Expr . '[' Expr ']'  (49)
	Expr : Expr . '+' Expr  (54)
	Expr : Expr . '-' Expr  (55)
	Expr : Expr . '*' Expr  (56)
	Expr : Expr . '/' Expr  (57)
	Expr : Expr . '%' Expr  (58)
	Expr : Expr . EQUAL Expr  (59)
	Expr : Expr . NOT_EQUAL Expr  (60)
	Expr : Expr . '<' Expr  (61)
	Expr : Expr . '>' Expr  (62)
	Expr : Expr . LESS_EQUAL Expr  (63)
	Expr : Expr . GREATER_EQUAL Expr  (64)
	Expr : Expr . AND Expr  (65)
	Expr : Expr . OR Expr  (66)

	AND  shift 121
	OR  shift 122
	LESS_EQUAL  shift 123
	GREATER_EQUAL  shift 124
	EQUAL  shift 125
	NOT_EQUAL  shift 126
	'+'  shift 127
	'-'  shift 128
	'*'  shift 129
	'/'  shift 130
	'%'  shift 131
	'>'  shift 132
	'<'  shift 133
	'.'  shift 134
	'['  shift 135
	';'  reduce 43
	')'  reduce 43


state 172
	Call : Receiver IDENTIFIER '(' . Actuals ')'  (50)
	Receiver : .  (47)
	Actuals : .  (91)

	NULL  shift 47
	THIS  shift 48
	SUPER  shift 51
	NEW  shift 55
	READ_INTEGER  shift 57
	READ_LINE  shift 58
	LITERAL  shift 60
	CASE  shift 61
	SCOPY  shift 62
	DCOPY  shift 63
	INSTANCEOF  shift 65
	'-'  shift 66
	'!'  shift 67
	'('  shift 68
	'@'  shift 70
	'$'  shift 71
	'#'  shift 72
	IDENTIFIER  reduce 47
	')'  reduce 91

	Expr  goto 143
	LValue  goto 94
	Call  goto 95
	Receiver  goto 88
	Actuals  goto 190
	Constant  goto 89
	ExprList  goto 191


state 173
	WhileStmt : WHILE '(' Expr ')' . Stmt  (95)
	SimpleStmt : .  (45)
	Receiver : .  (47)

	VOID  shift 12
	BOOL  shift 13
	INT  shift 14
	STRING  shift 15
	CLASS  shift 16
	COMPLEX  shift 17
	NULL  shift 47
	THIS  shift 48
	WHILE  shift 49
	FOR  shift 50
	SUPER  shift 51
	IF  shift 52
	RETURN  shift 53
	BREAK  shift 54
	NEW  shift 55
	PRINT  shift 56
	READ_INTEGER  shift 57
	READ_LINE  shift 58
	PRINT_COMP  shift 59
	LITERAL  shift 60
	CASE  shift 61
	SCOPY  shift 62
	DCOPY  shift 63
	DO  shift 64
	INSTANCEOF  shift 65
	'-'  shift 66
	'!'  shift 67
	'('  shift 68
	'{'  shift 42
	'@'  shift 70
	'$'  shift 71
	'#'  shift 72
	IDENTIFIER  reduce 47
	';'  reduce 45

	VariableDef  goto 73
	Variable  goto 21
	Type  goto 34
	StmtBlock  goto 74
	Stmt  goto 192
	SimpleStmt  goto 76
	IfStmt  goto 77
	WhileStmt  goto 78
	ForStmt  goto 79
	DoStmt  goto 80
	PrintCompStmt  goto 81
	ReturnStmt  goto 82
	PrintStmt  goto 83
	BreakStmt  goto 84
	Expr  goto 85
	LValue  goto 86
	Call  goto 87
	Receiver  goto 88
	Constant  goto 89


state 174
	ForStmt : FOR '(' SimpleStmt ';' . Expr ';' SimpleStmt ')' Stmt  (96)
	Receiver : .  (47)

	NULL  shift 47
	THIS  shift 48
	SUPER  shift 51
	NEW  shift 55
	READ_INTEGER  shift 57
	READ_LINE  shift 58
	LITERAL  shift 60
	CASE  shift 61
	SCOPY  shift 62
	DCOPY  shift 63
	INSTANCEOF  shift 65
	'-'  shift 66
	'!'  shift 67
	'('  shift 68
	'@'  shift 70
	'$'  shift 71
	'#'  shift 72
	IDENTIFIER  reduce 47

	Expr  goto 193
	LValue  goto 94
	Call  goto 95
	Receiver  goto 88
	Constant  goto 89


state 175
	IfStmt : IF '(' Expr ')' . Stmt ElseClause  (98)
	SimpleStmt : .  (45)
	Receiver : .  (47)

	VOID  shift 12
	BOOL  shift 13
	INT  shift 14
	STRING  shift 15
	CLASS  shift 16
	COMPLEX  shift 17
	NULL  shift 47
	THIS  shift 48
	WHILE  shift 49
	FOR  shift 50
	SUPER  shift 51
	IF  shift 52
	RETURN  shift 53
	BREAK  shift 54
	NEW  shift 55
	PRINT  shift 56
	READ_INTEGER  shift 57
	READ_LINE  shift 58
	PRINT_COMP  shift 59
	LITERAL  shift 60
	CASE  shift 61
	SCOPY  shift 62
	DCOPY  shift 63
	DO  shift 64
	INSTANCEOF  shift 65
	'-'  shift 66
	'!'  shift 67
	'('  shift 68
	'{'  shift 42
	'@'  shift 70
	'$'  shift 71
	'#'  shift 72
	IDENTIFIER  reduce 47
	';'  reduce 45

	VariableDef  goto 73
	Variable  goto 21
	Type  goto 34
	StmtBlock  goto 74
	Stmt  goto 194
	SimpleStmt  goto 76
	IfStmt  goto 77
	WhileStmt  goto 78
	ForStmt  goto 79
	DoStmt  goto 80
	PrintCompStmt  goto 81
	ReturnStmt  goto 82
	PrintStmt  goto 83
	BreakStmt  goto 84
	Expr  goto 85
	LValue  goto 86
	Call  goto 87
	Receiver  goto 88
	Constant  goto 89


state 176
	Expr : NEW IDENTIFIER '(' ')' .  (79)

	.  reduce 79


state 177
	Receiver : Expr . '.'  (46)
	LValue : Expr . '[' Expr ']'  (49)
	Expr : Expr . '+' Expr  (54)
	Expr : Expr . '-' Expr  (55)
	Expr : Expr . '*' Expr  (56)
	Expr : Expr . '/' Expr  (57)
	Expr : Expr . '%' Expr  (58)
	Expr : Expr . EQUAL Expr  (59)
	Expr : Expr . NOT_EQUAL Expr  (60)
	Expr : Expr . '<' Expr  (61)
	Expr : Expr . '>' Expr  (62)
	Expr : Expr . LESS_EQUAL Expr  (63)
	Expr : Expr . GREATER_EQUAL Expr  (64)
	Expr : Expr . AND Expr  (65)
	Expr : Expr . OR Expr  (66)
	Expr : NEW Type '[' Expr . ']'  (80)

	AND  shift 121
	OR  shift 122
	LESS_EQUAL  shift 123
	GREATER_EQUAL  shift 124
	EQUAL  shift 125
	NOT_EQUAL  shift 126
	'+'  shift 127
	'-'  shift 128
	'*'  shift 129
	'/'  shift 130
	'%'  shift 131
	'>'  shift 132
	'<'  shift 133
	'.'  shift 134
	'['  shift 135
	']'  shift 195
	.  error


state 178
	ExprList : ExprList ',' . Expr  (92)
	Receiver : .  (47)

	NULL  shift 47
	THIS  shift 48
	SUPER  shift 51
	NEW  shift 55
	READ_INTEGER  shift 57
	READ_LINE  shift 58
	LITERAL  shift 60
	CASE  shift 61
	SCOPY  shift 62
	DCOPY  shift 63
	INSTANCEOF  shift 65
	'-'  shift 66
	'!'  shift 67
	'('  shift 68
	'@'  shift 70
	'$'  shift 71
	'#'  shift 72
	IDENTIFIER  reduce 47

	Expr  goto 196
	LValue  goto 94
	Call  goto 95
	Receiver  goto 88
	Constant  goto 89


state 179
	PrintStmt : PRINT '(' ExprList ')' .  (103)

	.  reduce 103


state 180
	PrintCompStmt : PRINT_COMP '(' ExprList ')' .  (94)

	.  reduce 94


state 181
	Expr : CASE '(' Expr ')' . '{' ACaseExprList DefaultExpr '}'  (83)

	'{'  shift 197
	.  error


state 182
	Expr : SCOPY '(' Expr ')' .  (78)

	.  reduce 78


state 183
	Expr : DCOPY '(' Expr ')' .  (77)

	.  reduce 77


state 184
	DoBranchList : BRANCH DoSubStmt . DoBranchList  (40)
	DoBranchList : .  (41)

	BRANCH  shift 151
	OD  reduce 41

	DoBranchList  goto 198


state 185
	DoStmt : DO DoSubStmt DoBranchList OD .  (39)

	.  reduce 39


state 186
	DoSubStmt : Expr ':' Stmt .  (42)

	.  reduce 42


state 187
	Expr : INSTANCEOF '(' Expr ',' . IDENTIFIER ')'  (81)

	IDENTIFIER  shift 199
	.  error


state 188
	Expr : '(' CLASS IDENTIFIER ')' . Expr  (82)
	Receiver : .  (47)

	NULL  shift 47
	THIS  shift 48
	SUPER  shift 51
	NEW  shift 55
	READ_INTEGER  shift 57
	READ_LINE  shift 58
	LITERAL  shift 60
	CASE  shift 61
	SCOPY  shift 62
	DCOPY  shift 63
	INSTANCEOF  shift 65
	'-'  shift 66
	'!'  shift 67
	'('  shift 68
	'@'  shift 70
	'$'  shift 71
	'#'  shift 72
	IDENTIFIER  reduce 47

	Expr  goto 200
	LValue  goto 94
	Call  goto 95
	Receiver  goto 88
	Constant  goto 89


state 189
	LValue : Expr '[' Expr ']' .  (49)

	.  reduce 49


state 190
	Call : Receiver IDENTIFIER '(' Actuals . ')'  (50)

	')'  shift 201
	.  error


state 191
	Actuals : ExprList .  (90)
	ExprList : ExprList . ',' Expr  (92)

	','  shift 178
	')'  reduce 90


state 192
	WhileStmt : WHILE '(' Expr ')' Stmt .  (95)

	.  reduce 95


state 193
	Receiver : Expr . '.'  (46)
	LValue : Expr . '[' Expr ']'  (49)
	Expr : Expr . '+' Expr  (54)
	Expr : Expr . '-' Expr  (55)
	Expr : Expr . '*' Expr  (56)
	Expr : Expr . '/' Expr  (57)
	Expr : Expr . '%' Expr  (58)
	Expr : Expr . EQUAL Expr  (59)
	Expr : Expr . NOT_EQUAL Expr  (60)
	Expr : Expr . '<' Expr  (61)
	Expr : Expr . '>' Expr  (62)
	Expr : Expr . LESS_EQUAL Expr  (63)
	Expr : Expr . GREATER_EQUAL Expr  (64)
	Expr : Expr . AND Expr  (65)
	Expr : Expr . OR Expr  (66)
	ForStmt : FOR '(' SimpleStmt ';' Expr . ';' SimpleStmt ')' Stmt  (96)

	AND  shift 121
	OR  shift 122
	LESS_EQUAL  shift 123
	GREATER_EQUAL  shift 124
	EQUAL  shift 125
	NOT_EQUAL  shift 126
	'+'  shift 127
	'-'  shift 128
	'*'  shift 129
	'/'  shift 130
	'%'  shift 131
	'>'  shift 132
	'<'  shift 133
	'.'  shift 134
	';'  shift 202
	'['  shift 135
	.  error


state 194
	IfStmt : IF '(' Expr ')' Stmt . ElseClause  (98)
	ElseClause : .  (100)

	ELSE  shift 203
	VOID  reduce 100
	BOOL  reduce 100
	INT  reduce 100
	STRING  reduce 100
	CLASS  reduce 100
	COMPLEX  reduce 100
	NULL  reduce 100
	THIS  reduce 100
	WHILE  reduce 100
	FOR  reduce 100
	SUPER  reduce 100
	IF  reduce 100
	RETURN  reduce 100
	BREAK  reduce 100
	NEW  reduce 100
	PRINT  reduce 100
	READ_INTEGER  reduce 100
	READ_LINE  reduce 100
	PRINT_COMP  reduce 100
	LITERAL  reduce 100
	CASE  reduce 100
	SCOPY  reduce 100
	DCOPY  reduce 100
	DO  reduce 100
	OD  reduce 100
	BRANCH  reduce 100
	IDENTIFIER  reduce 100
	INSTANCEOF  reduce 100
	'-'  reduce 100
	';'  reduce 100
	'!'  reduce 100
	'('  reduce 100
	'{'  reduce 100
	'}'  reduce 100
	'@'  reduce 100
	'$'  reduce 100
	'#'  reduce 100

	ElseClause  goto 204


state 195
	Expr : NEW Type '[' Expr ']' .  (80)

	.  reduce 80


state 196
	Receiver : Expr . '.'  (46)
	LValue : Expr . '[' Expr ']'  (49)
	Expr : Expr . '+' Expr  (54)
	Expr : Expr . '-' Expr  (55)
	Expr : Expr . '*' Expr  (56)
	Expr : Expr . '/' Expr  (57)
	Expr : Expr . '%' Expr  (58)
	Expr : Expr . EQUAL Expr  (59)
	Expr : Expr . NOT_EQUAL Expr  (60)
	Expr : Expr . '<' Expr  (61)
	Expr : Expr . '>' Expr  (62)
	Expr : Expr . LESS_EQUAL Expr  (63)
	Expr : Expr . GREATER_EQUAL Expr  (64)
	Expr : Expr . AND Expr  (65)
	Expr : Expr . OR Expr  (66)
	ExprList : ExprList ',' Expr .  (92)

	AND  shift 121
	OR  shift 122
	LESS_EQUAL  shift 123
	GREATER_EQUAL  shift 124
	EQUAL  shift 125
	NOT_EQUAL  shift 126
	'+'  shift 127
	'-'  shift 128
	'*'  shift 129
	'/'  shift 130
	'%'  shift 131
	'>'  shift 132
	'<'  shift 133
	'.'  shift 134
	'['  shift 135
	','  reduce 92
	')'  reduce 92


state 197
	Expr : CASE '(' Expr ')' '{' . ACaseExprList DefaultExpr '}'  (83)
	ACaseExprList : .  (85)

	.  reduce 85

	ACaseExprList  goto 205


state 198
	DoBranchList : BRANCH DoSubStmt DoBranchList .  (40)

	.  reduce 40


state 199
	Expr : INSTANCEOF '(' Expr ',' IDENTIFIER . ')'  (81)

	')'  shift 206
	.  error


state 200
	Receiver : Expr . '.'  (46)
	LValue : Expr . '[' Expr ']'  (49)
	Expr : Expr . '+' Expr  (54)
	Expr : Expr . '-' Expr  (55)
	Expr : Expr . '*' Expr  (56)
	Expr : Expr . '/' Expr  (57)
	Expr : Expr . '%' Expr  (58)
	Expr : Expr . EQUAL Expr  (59)
	Expr : Expr . NOT_EQUAL Expr  (60)
	Expr : Expr . '<' Expr  (61)
	Expr : Expr . '>' Expr  (62)
	Expr : Expr . LESS_EQUAL Expr  (63)
	Expr : Expr . GREATER_EQUAL Expr  (64)
	Expr : Expr . AND Expr  (65)
	Expr : Expr . OR Expr  (66)
	Expr : '(' CLASS IDENTIFIER ')' Expr .  (82)

	.  reduce 82


state 201
	Call : Receiver IDENTIFIER '(' Actuals ')' .  (50)

	.  reduce 50


state 202
	ForStmt : FOR '(' SimpleStmt ';' Expr ';' . SimpleStmt ')' Stmt  (96)
	SimpleStmt : .  (45)
	Receiver : .  (47)

	NULL  shift 47
	THIS  shift 48
	SUPER  shift 51
	NEW  shift 55
	READ_INTEGER  shift 57
	READ_LINE  shift 58
	LITERAL  shift 60
	CASE  shift 61
	SCOPY  shift 62
	DCOPY  shift 63
	INSTANCEOF  shift 65
	'-'  shift 66
	'!'  shift 67
	'('  shift 68
	'@'  shift 70
	'$'  shift 71
	'#'  shift 72
	IDENTIFIER  reduce 47
	')'  reduce 45

	SimpleStmt  goto 207
	Expr  goto 85
	LValue  goto 86
	Call  goto 87
	Receiver  goto 88
	Constant  goto 89


state 203
	ElseClause : ELSE . Stmt  (99)
	SimpleStmt : .  (45)
	Receiver : .  (47)

	VOID  shift 12
	BOOL  shift 13
	INT  shift 14
	STRING  shift 15
	CLASS  shift 16
	COMPLEX  shift 17
	NULL  shift 47
	THIS  shift 48
	WHILE  shift 49
	FOR  shift 50
	SUPER  shift 51
	IF  shift 52
	RETURN  shift 53
	BREAK  shift 54
	NEW  shift 55
	PRINT  shift 56
	READ_INTEGER  shift 57
	READ_LINE  shift 58
	PRINT_COMP  shift 59
	LITERAL  shift 60
	CASE  shift 61
	SCOPY  shift 62
	DCOPY  shift 63
	DO  shift 64
	INSTANCEOF  shift 65
	'-'  shift 66
	'!'  shift 67
	'('  shift 68
	'{'  shift 42
	'@'  shift 70
	'$'  shift 71
	'#'  shift 72
	IDENTIFIER  reduce 47
	';'  reduce 45

	VariableDef  goto 73
	Variable  goto 21
	Type  goto 34
	StmtBlock  goto 74
	Stmt  goto 208
	SimpleStmt  goto 76
	IfStmt  goto 77
	WhileStmt  goto 78
	ForStmt  goto 79
	DoStmt  goto 80
	PrintCompStmt  goto 81
	ReturnStmt  goto 82
	PrintStmt  goto 83
	BreakStmt  goto 84
	Expr  goto 85
	LValue  goto 86
	Call  goto 87
	Receiver  goto 88
	Constant  goto 89


state 204
	IfStmt : IF '(' Expr ')' Stmt ElseClause .  (98)

	.  reduce 98


state 205
	Expr : CASE '(' Expr ')' '{' ACaseExprList . DefaultExpr '}'  (83)
	ACaseExprList : ACaseExprList . ACaseExpr  (84)

	NULL  shift 47
	LITERAL  shift 60
	DEFAULT  shift 209
	.  error

	Constant  goto 210
	DefaultExpr  goto 211
	ACaseExpr  goto 212


state 206
	Expr : INSTANCEOF '(' Expr ',' IDENTIFIER ')' .  (81)

	.  reduce 81


state 207
	ForStmt : FOR '(' SimpleStmt ';' Expr ';' SimpleStmt . ')' Stmt  (96)

	')'  shift 213
	.  error


state 208
	ElseClause : ELSE Stmt .  (99)

	.  reduce 99


state 209
	DefaultExpr : DEFAULT . ':' Expr ';'  (87)

	':'  shift 214
	.  error


state 210
	ACaseExpr : Constant . ':' Expr ';'  (86)

	':'  shift 215
	.  error


state 211
	Expr : CASE '(' Expr ')' '{' ACaseExprList DefaultExpr . '}'  (83)

	'}'  shift 216
	.  error


state 212
	ACaseExprList : ACaseExprList ACaseExpr .  (84)

	.  reduce 84


state 213
	ForStmt : FOR '(' SimpleStmt ';' Expr ';' SimpleStmt ')' . Stmt  (96)
	SimpleStmt : .  (45)
	Receiver : .  (47)

	VOID  shift 12
	BOOL  shift 13
	INT  shift 14
	STRING  shift 15
	CLASS  shift 16
	COMPLEX  shift 17
	NULL  shift 47
	THIS  shift 48
	WHILE  shift 49
	FOR  shift 50
	SUPER  shift 51
	IF  shift 52
	RETURN  shift 53
	BREAK  shift 54
	NEW  shift 55
	PRINT  shift 56
	READ_INTEGER  shift 57
	READ_LINE  shift 58
	PRINT_COMP  shift 59
	LITERAL  shift 60
	CASE  shift 61
	SCOPY  shift 62
	DCOPY  shift 63
	DO  shift 64
	INSTANCEOF  shift 65
	'-'  shift 66
	'!'  shift 67
	'('  shift 68
	'{'  shift 42
	'@'  shift 70
	'$'  shift 71
	'#'  shift 72
	IDENTIFIER  reduce 47
	';'  reduce 45

	VariableDef  goto 73
	Variable  goto 21
	Type  goto 34
	StmtBlock  goto 74
	Stmt  goto 217
	SimpleStmt  goto 76
	IfStmt  goto 77
	WhileStmt  goto 78
	ForStmt  goto 79
	DoStmt  goto 80
	PrintCompStmt  goto 81
	ReturnStmt  goto 82
	PrintStmt  goto 83
	BreakStmt  goto 84
	Expr  goto 85
	LValue  goto 86
	Call  goto 87
	Receiver  goto 88
	Constant  goto 89


state 214
	DefaultExpr : DEFAULT ':' . Expr ';'  (87)
	Receiver : .  (47)

	NULL  shift 47
	THIS  shift 48
	SUPER  shift 51
	NEW  shift 55
	READ_INTEGER  shift 57
	READ_LINE  shift 58
	LITERAL  shift 60
	CASE  shift 61
	SCOPY  shift 62
	DCOPY  shift 63
	INSTANCEOF  shift 65
	'-'  shift 66
	'!'  shift 67
	'('  shift 68
	'@'  shift 70
	'$'  shift 71
	'#'  shift 72
	IDENTIFIER  reduce 47

	Expr  goto 218
	LValue  goto 94
	Call  goto 95
	Receiver  goto 88
	Constant  goto 89


state 215
	ACaseExpr : Constant ':' . Expr ';'  (86)
	Receiver : .  (47)

	NULL  shift 47
	THIS  shift 48
	SUPER  shift 51
	NEW  shift 55
	READ_INTEGER  shift 57
	READ_LINE  shift 58
	LITERAL  shift 60
	CASE  shift 61
	SCOPY  shift 62
	DCOPY  shift 63
	INSTANCEOF  shift 65
	'-'  shift 66
	'!'  shift 67
	'('  shift 68
	'@'  shift 70
	'$'  shift 71
	'#'  shift 72
	IDENTIFIER  reduce 47

	Expr  goto 219
	LValue  goto 94
	Call  goto 95
	Receiver  goto 88
	Constant  goto 89


state 216
	Expr : CASE '(' Expr ')' '{' ACaseExprList DefaultExpr '}' .  (83)

	.  reduce 83


state 217
	ForStmt : FOR '(' SimpleStmt ';' Expr ';' SimpleStmt ')' Stmt .  (96)

	.  reduce 96


state 218
	Receiver : Expr . '.'  (46)
	LValue : Expr . '[' Expr ']'  (49)
	Expr : Expr . '+' Expr  (54)
	Expr : Expr . '-' Expr  (55)
	Expr : Expr . '*' Expr  (56)
	Expr : Expr . '/' Expr  (57)
	Expr : Expr . '%' Expr  (58)
	Expr : Expr . EQUAL Expr  (59)
	Expr : Expr . NOT_EQUAL Expr  (60)
	Expr : Expr . '<' Expr  (61)
	Expr : Expr . '>' Expr  (62)
	Expr : Expr . LESS_EQUAL Expr  (63)
	Expr : Expr . GREATER_EQUAL Expr  (64)
	Expr : Expr . AND Expr  (65)
	Expr : Expr . OR Expr  (66)
	DefaultExpr : DEFAULT ':' Expr . ';'  (87)

	AND  shift 121
	OR  shift 122
	LESS_EQUAL  shift 123
	GREATER_EQUAL  shift 124
	EQUAL  shift 125
	NOT_EQUAL  shift 126
	'+'  shift 127
	'-'  shift 128
	'*'  shift 129
	'/'  shift 130
	'%'  shift 131
	'>'  shift 132
	'<'  shift 133
	'.'  shift 134
	';'  shift 220
	'['  shift 135
	.  error


state 219
	Receiver : Expr . '.'  (46)
	LValue : Expr . '[' Expr ']'  (49)
	Expr : Expr . '+' Expr  (54)
	Expr : Expr . '-' Expr  (55)
	Expr : Expr . '*' Expr  (56)
	Expr : Expr . '/' Expr  (57)
	Expr : Expr . '%' Expr  (58)
	Expr : Expr . EQUAL Expr  (59)
	Expr : Expr . NOT_EQUAL Expr  (60)
	Expr : Expr . '<' Expr  (61)
	Expr : Expr . '>' Expr  (62)
	Expr : Expr . LESS_EQUAL Expr  (63)
	Expr : Expr . GREATER_EQUAL Expr  (64)
	Expr : Expr . AND Expr  (65)
	Expr : Expr . OR Expr  (66)
	ACaseExpr : Constant ':' Expr . ';'  (86)

	AND  shift 121
	OR  shift 122
	LESS_EQUAL  shift 123
	GREATER_EQUAL  shift 124
	EQUAL  shift 125
	NOT_EQUAL  shift 126
	'+'  shift 127
	'-'  shift 128
	'*'  shift 129
	'/'  shift 130
	'%'  shift 131
	'>'  shift 132
	'<'  shift 133
	'.'  shift 134
	';'  shift 221
	'['  shift 135
	.  error


state 220
	DefaultExpr : DEFAULT ':' Expr ';' .  (87)

	.  reduce 87


state 221
	ACaseExpr : Constant ':' Expr ';' .  (86)

	.  reduce 86


65 terminals, 37 nonterminals
104 grammar rules, 222 states
